{"/Users/elijahdecalmer/Desktop/University/Software Frameworks/Assignment 1/PortalChatServer/src/server.js": {"path":"/Users/elijahdecalmer/Desktop/University/Software Frameworks/Assignment 1/PortalChatServer/src/server.js","statementMap":{"0":{"start":{"line":16,"column":12},"end":{"line":16,"column":21}},"1":{"start":{"line":17,"column":13},"end":{"line":17,"column":37}},"2":{"start":{"line":18,"column":19},"end":{"line":18,"column":36}},"3":{"start":{"line":21,"column":11},"end":{"line":26,"column":2}},"4":{"start":{"line":29,"column":0},"end":{"line":29,"column":12}},"5":{"start":{"line":32,"column":0},"end":{"line":32,"column":24}},"6":{"start":{"line":33,"column":0},"end":{"line":33,"column":16}},"7":{"start":{"line":36,"column":0},"end":{"line":36,"column":34}},"8":{"start":{"line":37,"column":0},"end":{"line":37,"column":36}},"9":{"start":{"line":38,"column":0},"end":{"line":38,"column":33}},"10":{"start":{"line":39,"column":0},"end":{"line":39,"column":35}},"11":{"start":{"line":40,"column":0},"end":{"line":40,"column":40}},"12":{"start":{"line":43,"column":19},"end":{"line":43,"column":49}},"13":{"start":{"line":44,"column":18},"end":{"line":44,"column":42}},"14":{"start":{"line":45,"column":0},"end":{"line":45,"column":73}},"15":{"start":{"line":48,"column":0},"end":{"line":48,"column":22}},"16":{"start":{"line":51,"column":0},"end":{"line":55,"column":1}},"17":{"start":{"line":52,"column":4},"end":{"line":54,"column":7}},"18":{"start":{"line":53,"column":8},"end":{"line":53,"column":66}}},"fnMap":{"0":{"name":"(anonymous_0)","decl":{"start":{"line":52,"column":28},"end":{"line":52,"column":29}},"loc":{"start":{"line":52,"column":34},"end":{"line":54,"column":5}},"line":52}},"branchMap":{"0":{"loc":{"start":{"line":17,"column":13},"end":{"line":17,"column":37}},"type":"binary-expr","locations":[{"start":{"line":17,"column":13},"end":{"line":17,"column":29}},{"start":{"line":17,"column":33},"end":{"line":17,"column":37}}],"line":17},"1":{"loc":{"start":{"line":51,"column":0},"end":{"line":55,"column":1}},"type":"if","locations":[{"start":{"line":51,"column":0},"end":{"line":55,"column":1}},{"start":{},"end":{}}],"line":51}},"s":{"0":5,"1":5,"2":5,"3":5,"4":5,"5":5,"6":5,"7":5,"8":5,"9":5,"10":5,"11":5,"12":5,"13":5,"14":5,"15":5,"16":5,"17":0,"18":0},"f":{"0":0},"b":{"0":[5,5],"1":[0,5]},"inputSourceMap":null,"_coverageSchema":"1a1c01bbd47fc00a2c39e90264f33305004495a9","hash":"3ce42422da05da24aaef23b16518c74c8b1fcc6d"}
,"/Users/elijahdecalmer/Desktop/University/Software Frameworks/Assignment 1/PortalChatServer/src/sockets.js": {"path":"/Users/elijahdecalmer/Desktop/University/Software Frameworks/Assignment 1/PortalChatServer/src/sockets.js","statementMap":{"0":{"start":{"line":6,"column":4},"end":{"line":68,"column":7}},"1":{"start":{"line":7,"column":8},"end":{"line":7,"column":52}},"2":{"start":{"line":10,"column":8},"end":{"line":33,"column":11}},"3":{"start":{"line":11,"column":12},"end":{"line":32,"column":13}},"4":{"start":{"line":12,"column":32},"end":{"line":12,"column":89}},"5":{"start":{"line":15,"column":16},"end":{"line":17,"column":17}},"6":{"start":{"line":16,"column":20},"end":{"line":16,"column":85}},"7":{"start":{"line":20,"column":16},"end":{"line":20,"column":39}},"8":{"start":{"line":21,"column":16},"end":{"line":21,"column":74}},"9":{"start":{"line":24,"column":33},"end":{"line":27,"column":51}},"10":{"start":{"line":28,"column":16},"end":{"line":28,"column":58}},"11":{"start":{"line":30,"column":16},"end":{"line":30,"column":67}},"12":{"start":{"line":31,"column":16},"end":{"line":31,"column":37}},"13":{"start":{"line":36,"column":8},"end":{"line":62,"column":11}},"14":{"start":{"line":37,"column":12},"end":{"line":61,"column":13}},"15":{"start":{"line":39,"column":32},"end":{"line":39,"column":65}},"16":{"start":{"line":40,"column":16},"end":{"line":40,"column":80}},"17":{"start":{"line":40,"column":30},"end":{"line":40,"column":80}},"18":{"start":{"line":43,"column":32},"end":{"line":49,"column":18}},"19":{"start":{"line":50,"column":16},"end":{"line":50,"column":37}},"20":{"start":{"line":53,"column":16},"end":{"line":53,"column":47}},"21":{"start":{"line":54,"column":16},"end":{"line":54,"column":37}},"22":{"start":{"line":57,"column":16},"end":{"line":57,"column":61}},"23":{"start":{"line":59,"column":16},"end":{"line":59,"column":67}},"24":{"start":{"line":60,"column":16},"end":{"line":60,"column":37}},"25":{"start":{"line":65,"column":8},"end":{"line":67,"column":11}},"26":{"start":{"line":66,"column":12},"end":{"line":66,"column":59}}},"fnMap":{"0":{"name":"initializeSockets","decl":{"start":{"line":5,"column":16},"end":{"line":5,"column":33}},"loc":{"start":{"line":5,"column":38},"end":{"line":69,"column":1}},"line":5},"1":{"name":"(anonymous_1)","decl":{"start":{"line":6,"column":24},"end":{"line":6,"column":25}},"loc":{"start":{"line":6,"column":36},"end":{"line":68,"column":5}},"line":6},"2":{"name":"(anonymous_2)","decl":{"start":{"line":10,"column":33},"end":{"line":10,"column":34}},"loc":{"start":{"line":10,"column":66},"end":{"line":33,"column":9}},"line":10},"3":{"name":"(anonymous_3)","decl":{"start":{"line":36,"column":33},"end":{"line":36,"column":34}},"loc":{"start":{"line":36,"column":95},"end":{"line":62,"column":9}},"line":36},"4":{"name":"(anonymous_4)","decl":{"start":{"line":65,"column":32},"end":{"line":65,"column":33}},"loc":{"start":{"line":65,"column":38},"end":{"line":67,"column":9}},"line":65}},"branchMap":{"0":{"loc":{"start":{"line":15,"column":16},"end":{"line":17,"column":17}},"type":"if","locations":[{"start":{"line":15,"column":16},"end":{"line":17,"column":17}},{"start":{},"end":{}}],"line":15},"1":{"loc":{"start":{"line":40,"column":16},"end":{"line":40,"column":80}},"type":"if","locations":[{"start":{"line":40,"column":16},"end":{"line":40,"column":80}},{"start":{},"end":{}}],"line":40},"2":{"loc":{"start":{"line":46,"column":26},"end":{"line":46,"column":72}},"type":"cond-expr","locations":[{"start":{"line":46,"column":61},"end":{"line":46,"column":65}},{"start":{"line":46,"column":68},"end":{"line":46,"column":72}}],"line":46},"3":{"loc":{"start":{"line":47,"column":30},"end":{"line":47,"column":80}},"type":"cond-expr","locations":[{"start":{"line":47,"column":65},"end":{"line":47,"column":73}},{"start":{"line":47,"column":76},"end":{"line":47,"column":80}}],"line":47}},"s":{"0":5,"1":0,"2":0,"3":0,"4":0,"5":0,"6":0,"7":0,"8":0,"9":0,"10":0,"11":0,"12":0,"13":0,"14":0,"15":0,"16":0,"17":0,"18":0,"19":0,"20":0,"21":0,"22":0,"23":0,"24":0,"25":0,"26":0},"f":{"0":5,"1":0,"2":0,"3":0,"4":0},"b":{"0":[0,0],"1":[0,0],"2":[0,0],"3":[0,0]},"inputSourceMap":null,"_coverageSchema":"1a1c01bbd47fc00a2c39e90264f33305004495a9","hash":"5d827dbe1409d49cf710ebb3a27f1602e2500e45"}
,"/Users/elijahdecalmer/Desktop/University/Software Frameworks/Assignment 1/PortalChatServer/src/config/db.js": {"path":"/Users/elijahdecalmer/Desktop/University/Software Frameworks/Assignment 1/PortalChatServer/src/config/db.js","statementMap":{"0":{"start":{"line":3,"column":18},"end":{"line":10,"column":1}},"1":{"start":{"line":4,"column":2},"end":{"line":9,"column":3}},"2":{"start":{"line":5,"column":4},"end":{"line":8,"column":5}},"3":{"start":{"line":6,"column":19},"end":{"line":6,"column":100}},"4":{"start":{"line":7,"column":6},"end":{"line":7,"column":64}}},"fnMap":{"0":{"name":"(anonymous_0)","decl":{"start":{"line":3,"column":18},"end":{"line":3,"column":19}},"loc":{"start":{"line":3,"column":30},"end":{"line":10,"column":1}},"line":3}},"branchMap":{"0":{"loc":{"start":{"line":4,"column":2},"end":{"line":9,"column":3}},"type":"if","locations":[{"start":{"line":4,"column":2},"end":{"line":9,"column":3}},{"start":{},"end":{}}],"line":4},"1":{"loc":{"start":{"line":5,"column":4},"end":{"line":8,"column":5}},"type":"if","locations":[{"start":{"line":5,"column":4},"end":{"line":8,"column":5}},{"start":{},"end":{}}],"line":5},"2":{"loc":{"start":{"line":6,"column":42},"end":{"line":6,"column":99}},"type":"binary-expr","locations":[{"start":{"line":6,"column":42},"end":{"line":6,"column":63}},{"start":{"line":6,"column":67},"end":{"line":6,"column":99}}],"line":6}},"s":{"0":5,"1":5,"2":0,"3":0,"4":0},"f":{"0":5},"b":{"0":[0,5],"1":[0,0],"2":[0,0]},"inputSourceMap":null,"_coverageSchema":"1a1c01bbd47fc00a2c39e90264f33305004495a9","hash":"1ee67a925693c9fcea28998b0bb2c7c2f40ea56a"}
,"/Users/elijahdecalmer/Desktop/University/Software Frameworks/Assignment 1/PortalChatServer/src/controllers/adminController.js": {"path":"/Users/elijahdecalmer/Desktop/University/Software Frameworks/Assignment 1/PortalChatServer/src/controllers/adminController.js","statementMap":{"0":{"start":{"line":6,"column":32},"end":{"line":6,"column":40}},"1":{"start":{"line":7,"column":2},"end":{"line":19,"column":3}},"2":{"start":{"line":8,"column":4},"end":{"line":8,"column":151}},"3":{"start":{"line":8,"column":48},"end":{"line":8,"column":151}},"4":{"start":{"line":10,"column":26},"end":{"line":10,"column":77}},"5":{"start":{"line":11,"column":4},"end":{"line":11,"column":120}},"6":{"start":{"line":11,"column":24},"end":{"line":11,"column":120}},"7":{"start":{"line":13,"column":4},"end":{"line":13,"column":46}},"8":{"start":{"line":14,"column":4},"end":{"line":14,"column":31}},"9":{"start":{"line":16,"column":4},"end":{"line":16,"column":84}},"10":{"start":{"line":18,"column":4},"end":{"line":18,"column":100}},"11":{"start":{"line":25,"column":32},"end":{"line":25,"column":40}},"12":{"start":{"line":26,"column":2},"end":{"line":39,"column":3}},"13":{"start":{"line":27,"column":4},"end":{"line":27,"column":151}},"14":{"start":{"line":27,"column":48},"end":{"line":27,"column":151}},"15":{"start":{"line":29,"column":26},"end":{"line":29,"column":77}},"16":{"start":{"line":30,"column":4},"end":{"line":30,"column":120}},"17":{"start":{"line":30,"column":24},"end":{"line":30,"column":120}},"18":{"start":{"line":32,"column":4},"end":{"line":32,"column":46}},"19":{"start":{"line":33,"column":4},"end":{"line":33,"column":31}},"20":{"start":{"line":35,"column":4},"end":{"line":35,"column":83}},"21":{"start":{"line":37,"column":4},"end":{"line":37,"column":63}},"22":{"start":{"line":38,"column":4},"end":{"line":38,"column":100}},"23":{"start":{"line":44,"column":21},"end":{"line":44,"column":29}},"24":{"start":{"line":45,"column":2},"end":{"line":55,"column":3}},"25":{"start":{"line":46,"column":17},"end":{"line":46,"column":61}},"26":{"start":{"line":47,"column":4},"end":{"line":47,"column":89}},"27":{"start":{"line":47,"column":15},"end":{"line":47,"column":89}},"28":{"start":{"line":49,"column":4},"end":{"line":49,"column":135}},"29":{"start":{"line":49,"column":48},"end":{"line":49,"column":135}},"30":{"start":{"line":51,"column":4},"end":{"line":51,"column":69}},"31":{"start":{"line":54,"column":4},"end":{"line":54,"column":85}}},"fnMap":{"0":{"name":"promoteToGroupAdmin","decl":{"start":{"line":5,"column":22},"end":{"line":5,"column":41}},"loc":{"start":{"line":5,"column":52},"end":{"line":20,"column":1}},"line":5},"1":{"name":"promoteToSuperAdmin","decl":{"start":{"line":24,"column":22},"end":{"line":24,"column":41}},"loc":{"start":{"line":24,"column":52},"end":{"line":40,"column":1}},"line":24},"2":{"name":"deleteAccount","decl":{"start":{"line":43,"column":22},"end":{"line":43,"column":35}},"loc":{"start":{"line":43,"column":46},"end":{"line":56,"column":1}},"line":43}},"branchMap":{"0":{"loc":{"start":{"line":8,"column":4},"end":{"line":8,"column":151}},"type":"if","locations":[{"start":{"line":8,"column":4},"end":{"line":8,"column":151}},{"start":{},"end":{}}],"line":8},"1":{"loc":{"start":{"line":11,"column":4},"end":{"line":11,"column":120}},"type":"if","locations":[{"start":{"line":11,"column":4},"end":{"line":11,"column":120}},{"start":{},"end":{}}],"line":11},"2":{"loc":{"start":{"line":27,"column":4},"end":{"line":27,"column":151}},"type":"if","locations":[{"start":{"line":27,"column":4},"end":{"line":27,"column":151}},{"start":{},"end":{}}],"line":27},"3":{"loc":{"start":{"line":30,"column":4},"end":{"line":30,"column":120}},"type":"if","locations":[{"start":{"line":30,"column":4},"end":{"line":30,"column":120}},{"start":{},"end":{}}],"line":30},"4":{"loc":{"start":{"line":47,"column":4},"end":{"line":47,"column":89}},"type":"if","locations":[{"start":{"line":47,"column":4},"end":{"line":47,"column":89}},{"start":{},"end":{}}],"line":47},"5":{"loc":{"start":{"line":49,"column":4},"end":{"line":49,"column":135}},"type":"if","locations":[{"start":{"line":49,"column":4},"end":{"line":49,"column":135}},{"start":{},"end":{}}],"line":49}},"s":{"0":2,"1":2,"2":2,"3":1,"4":1,"5":1,"6":0,"7":1,"8":1,"9":1,"10":0,"11":2,"12":2,"13":2,"14":1,"15":1,"16":1,"17":0,"18":1,"19":1,"20":1,"21":0,"22":0,"23":0,"24":0,"25":0,"26":0,"27":0,"28":0,"29":0,"30":0,"31":0},"f":{"0":2,"1":2,"2":0},"b":{"0":[1,1],"1":[0,1],"2":[1,1],"3":[0,1],"4":[0,0],"5":[0,0]},"inputSourceMap":null,"_coverageSchema":"1a1c01bbd47fc00a2c39e90264f33305004495a9","hash":"4071417bd33ae3f08f4cf6aca117655d274e0c58"}
,"/Users/elijahdecalmer/Desktop/University/Software Frameworks/Assignment 1/PortalChatServer/src/controllers/authController.js": {"path":"/Users/elijahdecalmer/Desktop/University/Software Frameworks/Assignment 1/PortalChatServer/src/controllers/authController.js","statementMap":{"0":{"start":{"line":4,"column":46},"end":{"line":4,"column":54}},"1":{"start":{"line":5,"column":2},"end":{"line":16,"column":3}},"2":{"start":{"line":6,"column":19},"end":{"line":6,"column":23}},"3":{"start":{"line":7,"column":4},"end":{"line":7,"column":45}},"4":{"start":{"line":7,"column":15},"end":{"line":7,"column":45}},"5":{"start":{"line":8,"column":17},"end":{"line":8,"column":62}},"6":{"start":{"line":9,"column":4},"end":{"line":9,"column":22}},"7":{"start":{"line":11,"column":28},"end":{"line":11,"column":43}},"8":{"start":{"line":12,"column":4},"end":{"line":12,"column":38}},"9":{"start":{"line":13,"column":4},"end":{"line":13,"column":68}},"10":{"start":{"line":15,"column":4},"end":{"line":15,"column":87}},"11":{"start":{"line":21,"column":33},"end":{"line":21,"column":41}},"12":{"start":{"line":22,"column":2},"end":{"line":35,"column":3}},"13":{"start":{"line":23,"column":17},"end":{"line":23,"column":49}},"14":{"start":{"line":24,"column":4},"end":{"line":24,"column":89}},"15":{"start":{"line":24,"column":15},"end":{"line":24,"column":89}},"16":{"start":{"line":26,"column":4},"end":{"line":28,"column":5}},"17":{"start":{"line":27,"column":6},"end":{"line":27,"column":82}},"18":{"start":{"line":30,"column":28},"end":{"line":30,"column":43}},"19":{"start":{"line":31,"column":4},"end":{"line":31,"column":38}},"20":{"start":{"line":32,"column":4},"end":{"line":32,"column":68}},"21":{"start":{"line":34,"column":4},"end":{"line":34,"column":81}},"22":{"start":{"line":40,"column":2},"end":{"line":47,"column":3}},"23":{"start":{"line":41,"column":17},"end":{"line":41,"column":77}},"24":{"start":{"line":42,"column":4},"end":{"line":42,"column":89}},"25":{"start":{"line":42,"column":15},"end":{"line":42,"column":89}},"26":{"start":{"line":43,"column":4},"end":{"line":43,"column":69}},"27":{"start":{"line":46,"column":4},"end":{"line":46,"column":85}}},"fnMap":{"0":{"name":"register","decl":{"start":{"line":3,"column":22},"end":{"line":3,"column":30}},"loc":{"start":{"line":3,"column":41},"end":{"line":17,"column":1}},"line":3},"1":{"name":"login","decl":{"start":{"line":20,"column":22},"end":{"line":20,"column":27}},"loc":{"start":{"line":20,"column":38},"end":{"line":36,"column":1}},"line":20},"2":{"name":"deleteAccount","decl":{"start":{"line":39,"column":22},"end":{"line":39,"column":35}},"loc":{"start":{"line":39,"column":46},"end":{"line":48,"column":1}},"line":39}},"branchMap":{"0":{"loc":{"start":{"line":7,"column":4},"end":{"line":7,"column":45}},"type":"if","locations":[{"start":{"line":7,"column":4},"end":{"line":7,"column":45}},{"start":{},"end":{}}],"line":7},"1":{"loc":{"start":{"line":24,"column":4},"end":{"line":24,"column":89}},"type":"if","locations":[{"start":{"line":24,"column":4},"end":{"line":24,"column":89}},{"start":{},"end":{}}],"line":24},"2":{"loc":{"start":{"line":26,"column":4},"end":{"line":28,"column":5}},"type":"if","locations":[{"start":{"line":26,"column":4},"end":{"line":28,"column":5}},{"start":{},"end":{}}],"line":26},"3":{"loc":{"start":{"line":42,"column":4},"end":{"line":42,"column":89}},"type":"if","locations":[{"start":{"line":42,"column":4},"end":{"line":42,"column":89}},{"start":{},"end":{}}],"line":42}},"s":{"0":7,"1":7,"2":7,"3":7,"4":5,"5":7,"6":7,"7":7,"8":7,"9":7,"10":0,"11":3,"12":3,"13":3,"14":3,"15":0,"16":3,"17":0,"18":3,"19":3,"20":3,"21":0,"22":0,"23":0,"24":0,"25":0,"26":0,"27":0},"f":{"0":7,"1":3,"2":0},"b":{"0":[5,2],"1":[0,3],"2":[0,3],"3":[0,0]},"inputSourceMap":null,"_coverageSchema":"1a1c01bbd47fc00a2c39e90264f33305004495a9","hash":"b6b430ebff99a3bc145cf8ff52448c70e15c0fab"}
,"/Users/elijahdecalmer/Desktop/University/Software Frameworks/Assignment 1/PortalChatServer/src/controllers/channelController.js": {"path":"/Users/elijahdecalmer/Desktop/University/Software Frameworks/Assignment 1/PortalChatServer/src/controllers/channelController.js","statementMap":{"0":{"start":{"line":6,"column":55},"end":{"line":6,"column":63}},"1":{"start":{"line":8,"column":2},"end":{"line":40,"column":3}},"2":{"start":{"line":9,"column":4},"end":{"line":11,"column":5}},"3":{"start":{"line":10,"column":6},"end":{"line":10,"column":120}},"4":{"start":{"line":13,"column":18},"end":{"line":13,"column":47}},"5":{"start":{"line":15,"column":4},"end":{"line":17,"column":5}},"6":{"start":{"line":16,"column":6},"end":{"line":16,"column":134}},"7":{"start":{"line":20,"column":20},"end":{"line":24,"column":6}},"8":{"start":{"line":26,"column":4},"end":{"line":26,"column":25}},"9":{"start":{"line":29,"column":4},"end":{"line":29,"column":37}},"10":{"start":{"line":31,"column":4},"end":{"line":31,"column":23}},"11":{"start":{"line":34,"column":25},"end":{"line":34,"column":75}},"12":{"start":{"line":36,"column":4},"end":{"line":36,"column":106}},"13":{"start":{"line":38,"column":4},"end":{"line":38,"column":49}},"14":{"start":{"line":39,"column":4},"end":{"line":39,"column":88}},"15":{"start":{"line":44,"column":33},"end":{"line":44,"column":41}},"16":{"start":{"line":46,"column":2},"end":{"line":65,"column":3}},"17":{"start":{"line":47,"column":4},"end":{"line":49,"column":5}},"18":{"start":{"line":48,"column":6},"end":{"line":48,"column":120}},"19":{"start":{"line":51,"column":18},"end":{"line":51,"column":47}},"20":{"start":{"line":53,"column":4},"end":{"line":55,"column":5}},"21":{"start":{"line":54,"column":6},"end":{"line":54,"column":134}},"22":{"start":{"line":57,"column":4},"end":{"line":57,"column":44}},"23":{"start":{"line":59,"column":4},"end":{"line":59,"column":23}},"24":{"start":{"line":61,"column":4},"end":{"line":61,"column":98}},"25":{"start":{"line":63,"column":4},"end":{"line":63,"column":49}},"26":{"start":{"line":64,"column":4},"end":{"line":64,"column":88}},"27":{"start":{"line":69,"column":24},"end":{"line":69,"column":32}},"28":{"start":{"line":71,"column":2},"end":{"line":86,"column":3}},"29":{"start":{"line":72,"column":20},"end":{"line":72,"column":109}},"30":{"start":{"line":74,"column":4},"end":{"line":76,"column":5}},"31":{"start":{"line":75,"column":6},"end":{"line":75,"column":84}},"32":{"start":{"line":78,"column":4},"end":{"line":80,"column":5}},"33":{"start":{"line":79,"column":6},"end":{"line":79,"column":99}},"34":{"start":{"line":82,"column":4},"end":{"line":82,"column":109}},"35":{"start":{"line":84,"column":4},"end":{"line":84,"column":61}},"36":{"start":{"line":85,"column":4},"end":{"line":85,"column":100}}},"fnMap":{"0":{"name":"createChannel","decl":{"start":{"line":5,"column":22},"end":{"line":5,"column":35}},"loc":{"start":{"line":5,"column":46},"end":{"line":41,"column":1}},"line":5},"1":{"name":"deleteChannel","decl":{"start":{"line":43,"column":22},"end":{"line":43,"column":35}},"loc":{"start":{"line":43,"column":46},"end":{"line":66,"column":1}},"line":43},"2":{"name":"getChannelAndMessages","decl":{"start":{"line":68,"column":22},"end":{"line":68,"column":43}},"loc":{"start":{"line":68,"column":54},"end":{"line":87,"column":1}},"line":68}},"branchMap":{"0":{"loc":{"start":{"line":9,"column":4},"end":{"line":11,"column":5}},"type":"if","locations":[{"start":{"line":9,"column":4},"end":{"line":11,"column":5}},{"start":{},"end":{}}],"line":9},"1":{"loc":{"start":{"line":9,"column":8},"end":{"line":9,"column":88}},"type":"binary-expr","locations":[{"start":{"line":9,"column":8},"end":{"line":9,"column":46}},{"start":{"line":9,"column":50},"end":{"line":9,"column":88}}],"line":9},"2":{"loc":{"start":{"line":15,"column":4},"end":{"line":17,"column":5}},"type":"if","locations":[{"start":{"line":15,"column":4},"end":{"line":17,"column":5}},{"start":{},"end":{}}],"line":15},"3":{"loc":{"start":{"line":15,"column":8},"end":{"line":15,"column":86}},"type":"binary-expr","locations":[{"start":{"line":15,"column":8},"end":{"line":15,"column":46}},{"start":{"line":15,"column":50},"end":{"line":15,"column":86}}],"line":15},"4":{"loc":{"start":{"line":47,"column":4},"end":{"line":49,"column":5}},"type":"if","locations":[{"start":{"line":47,"column":4},"end":{"line":49,"column":5}},{"start":{},"end":{}}],"line":47},"5":{"loc":{"start":{"line":47,"column":8},"end":{"line":47,"column":88}},"type":"binary-expr","locations":[{"start":{"line":47,"column":8},"end":{"line":47,"column":46}},{"start":{"line":47,"column":50},"end":{"line":47,"column":88}}],"line":47},"6":{"loc":{"start":{"line":53,"column":4},"end":{"line":55,"column":5}},"type":"if","locations":[{"start":{"line":53,"column":4},"end":{"line":55,"column":5}},{"start":{},"end":{}}],"line":53},"7":{"loc":{"start":{"line":53,"column":8},"end":{"line":53,"column":86}},"type":"binary-expr","locations":[{"start":{"line":53,"column":8},"end":{"line":53,"column":46}},{"start":{"line":53,"column":50},"end":{"line":53,"column":86}}],"line":53},"8":{"loc":{"start":{"line":74,"column":4},"end":{"line":76,"column":5}},"type":"if","locations":[{"start":{"line":74,"column":4},"end":{"line":76,"column":5}},{"start":{},"end":{}}],"line":74},"9":{"loc":{"start":{"line":78,"column":4},"end":{"line":80,"column":5}},"type":"if","locations":[{"start":{"line":78,"column":4},"end":{"line":80,"column":5}},{"start":{},"end":{}}],"line":78}},"s":{"0":1,"1":1,"2":1,"3":0,"4":1,"5":1,"6":0,"7":1,"8":1,"9":1,"10":1,"11":1,"12":1,"13":0,"14":0,"15":1,"16":1,"17":1,"18":0,"19":1,"20":1,"21":0,"22":1,"23":1,"24":1,"25":0,"26":0,"27":0,"28":0,"29":0,"30":0,"31":0,"32":0,"33":0,"34":0,"35":0,"36":0},"f":{"0":1,"1":1,"2":0},"b":{"0":[0,1],"1":[1,0],"2":[0,1],"3":[1,1],"4":[0,1],"5":[1,0],"6":[0,1],"7":[1,1],"8":[0,0],"9":[0,0]},"inputSourceMap":null,"_coverageSchema":"1a1c01bbd47fc00a2c39e90264f33305004495a9","hash":"2a21e9d0ca6ccd93f899fa4637ec13fe432de280"}
,"/Users/elijahdecalmer/Desktop/University/Software Frameworks/Assignment 1/PortalChatServer/src/controllers/groupController.js": {"path":"/Users/elijahdecalmer/Desktop/University/Software Frameworks/Assignment 1/PortalChatServer/src/controllers/groupController.js","statementMap":{"0":{"start":{"line":6,"column":42},"end":{"line":6,"column":50}},"1":{"start":{"line":8,"column":2},"end":{"line":25,"column":3}},"2":{"start":{"line":9,"column":4},"end":{"line":11,"column":5}},"3":{"start":{"line":10,"column":6},"end":{"line":10,"column":95}},"4":{"start":{"line":13,"column":18},"end":{"line":18,"column":6}},"5":{"start":{"line":20,"column":4},"end":{"line":20,"column":23}},"6":{"start":{"line":22,"column":4},"end":{"line":22,"column":90}},"7":{"start":{"line":24,"column":4},"end":{"line":24,"column":86}},"8":{"start":{"line":30,"column":2},"end":{"line":40,"column":3}},"9":{"start":{"line":31,"column":19},"end":{"line":31,"column":115}},"10":{"start":{"line":33,"column":4},"end":{"line":35,"column":5}},"11":{"start":{"line":34,"column":6},"end":{"line":34,"column":82}},"12":{"start":{"line":37,"column":4},"end":{"line":37,"column":94}},"13":{"start":{"line":39,"column":4},"end":{"line":39,"column":92}},"14":{"start":{"line":45,"column":2},"end":{"line":55,"column":3}},"15":{"start":{"line":46,"column":19},"end":{"line":46,"column":81}},"16":{"start":{"line":48,"column":4},"end":{"line":50,"column":5}},"17":{"start":{"line":49,"column":6},"end":{"line":49,"column":82}},"18":{"start":{"line":52,"column":4},"end":{"line":52,"column":98}},"19":{"start":{"line":54,"column":4},"end":{"line":54,"column":91}},"20":{"start":{"line":60,"column":22},"end":{"line":60,"column":30}},"21":{"start":{"line":62,"column":2},"end":{"line":72,"column":3}},"22":{"start":{"line":63,"column":18},"end":{"line":63,"column":100}},"23":{"start":{"line":65,"column":4},"end":{"line":67,"column":5}},"24":{"start":{"line":66,"column":6},"end":{"line":66,"column":82}},"25":{"start":{"line":69,"column":4},"end":{"line":69,"column":100}},"26":{"start":{"line":71,"column":4},"end":{"line":71,"column":94}},"27":{"start":{"line":77,"column":22},"end":{"line":77,"column":30}},"28":{"start":{"line":79,"column":2},"end":{"line":81,"column":3}},"29":{"start":{"line":80,"column":4},"end":{"line":80,"column":108}},"30":{"start":{"line":83,"column":2},"end":{"line":99,"column":3}},"31":{"start":{"line":84,"column":18},"end":{"line":84,"column":47}},"32":{"start":{"line":86,"column":4},"end":{"line":88,"column":5}},"33":{"start":{"line":87,"column":6},"end":{"line":87,"column":82}},"34":{"start":{"line":90,"column":4},"end":{"line":92,"column":5}},"35":{"start":{"line":91,"column":6},"end":{"line":91,"column":124}},"36":{"start":{"line":94,"column":4},"end":{"line":94,"column":28}},"37":{"start":{"line":96,"column":4},"end":{"line":96,"column":83}},"38":{"start":{"line":98,"column":4},"end":{"line":98,"column":86}},"39":{"start":{"line":104,"column":22},"end":{"line":104,"column":30}},"40":{"start":{"line":106,"column":2},"end":{"line":119,"column":3}},"41":{"start":{"line":107,"column":18},"end":{"line":107,"column":47}},"42":{"start":{"line":109,"column":4},"end":{"line":111,"column":5}},"43":{"start":{"line":110,"column":6},"end":{"line":110,"column":82}},"44":{"start":{"line":113,"column":4},"end":{"line":113,"column":44}},"45":{"start":{"line":114,"column":4},"end":{"line":114,"column":23}},"46":{"start":{"line":116,"column":4},"end":{"line":116,"column":89}},"47":{"start":{"line":118,"column":4},"end":{"line":118,"column":89}},"48":{"start":{"line":124,"column":30},"end":{"line":124,"column":38}},"49":{"start":{"line":126,"column":2},"end":{"line":148,"column":3}},"50":{"start":{"line":127,"column":4},"end":{"line":129,"column":5}},"51":{"start":{"line":128,"column":6},"end":{"line":128,"column":113}},"52":{"start":{"line":131,"column":18},"end":{"line":131,"column":47}},"53":{"start":{"line":133,"column":4},"end":{"line":135,"column":5}},"54":{"start":{"line":134,"column":6},"end":{"line":134,"column":82}},"55":{"start":{"line":137,"column":4},"end":{"line":139,"column":5}},"56":{"start":{"line":138,"column":6},"end":{"line":138,"column":127}},"57":{"start":{"line":141,"column":4},"end":{"line":141,"column":38}},"58":{"start":{"line":142,"column":4},"end":{"line":142,"column":31}},"59":{"start":{"line":143,"column":4},"end":{"line":143,"column":23}},"60":{"start":{"line":145,"column":4},"end":{"line":145,"column":89}},"61":{"start":{"line":147,"column":4},"end":{"line":147,"column":89}}},"fnMap":{"0":{"name":"createGroup","decl":{"start":{"line":5,"column":22},"end":{"line":5,"column":33}},"loc":{"start":{"line":5,"column":44},"end":{"line":26,"column":1}},"line":5},"1":{"name":"getMyGroups","decl":{"start":{"line":29,"column":22},"end":{"line":29,"column":33}},"loc":{"start":{"line":29,"column":44},"end":{"line":41,"column":1}},"line":29},"2":{"name":"getAllGroups","decl":{"start":{"line":44,"column":22},"end":{"line":44,"column":34}},"loc":{"start":{"line":44,"column":45},"end":{"line":56,"column":1}},"line":44},"3":{"name":"getGroupDetails","decl":{"start":{"line":59,"column":22},"end":{"line":59,"column":37}},"loc":{"start":{"line":59,"column":48},"end":{"line":73,"column":1}},"line":59},"4":{"name":"deleteGroup","decl":{"start":{"line":76,"column":22},"end":{"line":76,"column":33}},"loc":{"start":{"line":76,"column":44},"end":{"line":100,"column":1}},"line":76},"5":{"name":"requestAccess","decl":{"start":{"line":103,"column":22},"end":{"line":103,"column":35}},"loc":{"start":{"line":103,"column":46},"end":{"line":120,"column":1}},"line":103},"6":{"name":"approveRequest","decl":{"start":{"line":123,"column":22},"end":{"line":123,"column":36}},"loc":{"start":{"line":123,"column":47},"end":{"line":149,"column":1}},"line":123}},"branchMap":{"0":{"loc":{"start":{"line":9,"column":4},"end":{"line":11,"column":5}},"type":"if","locations":[{"start":{"line":9,"column":4},"end":{"line":11,"column":5}},{"start":{},"end":{}}],"line":9},"1":{"loc":{"start":{"line":9,"column":8},"end":{"line":9,"column":88}},"type":"binary-expr","locations":[{"start":{"line":9,"column":8},"end":{"line":9,"column":46}},{"start":{"line":9,"column":50},"end":{"line":9,"column":88}}],"line":9},"2":{"loc":{"start":{"line":33,"column":4},"end":{"line":35,"column":5}},"type":"if","locations":[{"start":{"line":33,"column":4},"end":{"line":35,"column":5}},{"start":{},"end":{}}],"line":33},"3":{"loc":{"start":{"line":33,"column":8},"end":{"line":33,"column":38}},"type":"binary-expr","locations":[{"start":{"line":33,"column":8},"end":{"line":33,"column":15}},{"start":{"line":33,"column":19},"end":{"line":33,"column":38}}],"line":33},"4":{"loc":{"start":{"line":48,"column":4},"end":{"line":50,"column":5}},"type":"if","locations":[{"start":{"line":48,"column":4},"end":{"line":50,"column":5}},{"start":{},"end":{}}],"line":48},"5":{"loc":{"start":{"line":48,"column":8},"end":{"line":48,"column":38}},"type":"binary-expr","locations":[{"start":{"line":48,"column":8},"end":{"line":48,"column":15}},{"start":{"line":48,"column":19},"end":{"line":48,"column":38}}],"line":48},"6":{"loc":{"start":{"line":65,"column":4},"end":{"line":67,"column":5}},"type":"if","locations":[{"start":{"line":65,"column":4},"end":{"line":67,"column":5}},{"start":{},"end":{}}],"line":65},"7":{"loc":{"start":{"line":79,"column":2},"end":{"line":81,"column":3}},"type":"if","locations":[{"start":{"line":79,"column":2},"end":{"line":81,"column":3}},{"start":{},"end":{}}],"line":79},"8":{"loc":{"start":{"line":79,"column":6},"end":{"line":79,"column":86}},"type":"binary-expr","locations":[{"start":{"line":79,"column":6},"end":{"line":79,"column":44}},{"start":{"line":79,"column":48},"end":{"line":79,"column":86}}],"line":79},"9":{"loc":{"start":{"line":86,"column":4},"end":{"line":88,"column":5}},"type":"if","locations":[{"start":{"line":86,"column":4},"end":{"line":88,"column":5}},{"start":{},"end":{}}],"line":86},"10":{"loc":{"start":{"line":90,"column":4},"end":{"line":92,"column":5}},"type":"if","locations":[{"start":{"line":90,"column":4},"end":{"line":92,"column":5}},{"start":{},"end":{}}],"line":90},"11":{"loc":{"start":{"line":109,"column":4},"end":{"line":111,"column":5}},"type":"if","locations":[{"start":{"line":109,"column":4},"end":{"line":111,"column":5}},{"start":{},"end":{}}],"line":109},"12":{"loc":{"start":{"line":127,"column":4},"end":{"line":129,"column":5}},"type":"if","locations":[{"start":{"line":127,"column":4},"end":{"line":129,"column":5}},{"start":{},"end":{}}],"line":127},"13":{"loc":{"start":{"line":127,"column":8},"end":{"line":127,"column":88}},"type":"binary-expr","locations":[{"start":{"line":127,"column":8},"end":{"line":127,"column":46}},{"start":{"line":127,"column":50},"end":{"line":127,"column":88}}],"line":127},"14":{"loc":{"start":{"line":133,"column":4},"end":{"line":135,"column":5}},"type":"if","locations":[{"start":{"line":133,"column":4},"end":{"line":135,"column":5}},{"start":{},"end":{}}],"line":133},"15":{"loc":{"start":{"line":137,"column":4},"end":{"line":139,"column":5}},"type":"if","locations":[{"start":{"line":137,"column":4},"end":{"line":139,"column":5}},{"start":{},"end":{}}],"line":137}},"s":{"0":2,"1":2,"2":2,"3":1,"4":1,"5":1,"6":1,"7":0,"8":1,"9":1,"10":1,"11":0,"12":1,"13":0,"14":1,"15":1,"16":1,"17":0,"18":1,"19":0,"20":0,"21":0,"22":0,"23":0,"24":0,"25":0,"26":0,"27":1,"28":1,"29":0,"30":1,"31":1,"32":1,"33":0,"34":1,"35":0,"36":1,"37":1,"38":0,"39":1,"40":1,"41":1,"42":1,"43":0,"44":1,"45":1,"46":1,"47":0,"48":1,"49":1,"50":1,"51":0,"52":1,"53":1,"54":0,"55":1,"56":0,"57":1,"58":1,"59":1,"60":1,"61":0},"f":{"0":2,"1":1,"2":1,"3":0,"4":1,"5":1,"6":1},"b":{"0":[1,1],"1":[2,1],"2":[0,1],"3":[1,1],"4":[0,1],"5":[1,1],"6":[0,0],"7":[0,1],"8":[1,0],"9":[0,1],"10":[0,1],"11":[0,1],"12":[0,1],"13":[1,0],"14":[0,1],"15":[0,1]},"inputSourceMap":null,"_coverageSchema":"1a1c01bbd47fc00a2c39e90264f33305004495a9","hash":"3f892773c7cd5a29de31be0b2ffb49594d9c55b6"}
,"/Users/elijahdecalmer/Desktop/University/Software Frameworks/Assignment 1/PortalChatServer/src/controllers/userController.js": {"path":"/Users/elijahdecalmer/Desktop/University/Software Frameworks/Assignment 1/PortalChatServer/src/controllers/userController.js","statementMap":{"0":{"start":{"line":4,"column":2},"end":{"line":13,"column":3}},"1":{"start":{"line":5,"column":17},"end":{"line":5,"column":70}},"2":{"start":{"line":6,"column":4},"end":{"line":8,"column":5}},"3":{"start":{"line":7,"column":6},"end":{"line":7,"column":81}},"4":{"start":{"line":9,"column":4},"end":{"line":9,"column":98}},"5":{"start":{"line":11,"column":4},"end":{"line":11,"column":96}},"6":{"start":{"line":12,"column":4},"end":{"line":12,"column":55}},"7":{"start":{"line":16,"column":32},"end":{"line":35,"column":1}},"8":{"start":{"line":17,"column":2},"end":{"line":34,"column":3}},"9":{"start":{"line":18,"column":17},"end":{"line":18,"column":50}},"10":{"start":{"line":19,"column":4},"end":{"line":21,"column":5}},"11":{"start":{"line":20,"column":6},"end":{"line":20,"column":81}},"12":{"start":{"line":23,"column":4},"end":{"line":23,"column":43}},"13":{"start":{"line":24,"column":4},"end":{"line":24,"column":22}},"14":{"start":{"line":26,"column":4},"end":{"line":30,"column":7}},"15":{"start":{"line":32,"column":4},"end":{"line":32,"column":95}},"16":{"start":{"line":33,"column":4},"end":{"line":33,"column":49}},"17":{"start":{"line":37,"column":29},"end":{"line":58,"column":1}},"18":{"start":{"line":38,"column":18},"end":{"line":38,"column":26}},"19":{"start":{"line":40,"column":2},"end":{"line":57,"column":3}},"20":{"start":{"line":41,"column":17},"end":{"line":41,"column":50}},"21":{"start":{"line":42,"column":4},"end":{"line":44,"column":5}},"22":{"start":{"line":43,"column":6},"end":{"line":43,"column":81}},"23":{"start":{"line":46,"column":4},"end":{"line":46,"column":19}},"24":{"start":{"line":47,"column":4},"end":{"line":47,"column":22}},"25":{"start":{"line":49,"column":4},"end":{"line":53,"column":7}},"26":{"start":{"line":55,"column":4},"end":{"line":55,"column":92}},"27":{"start":{"line":56,"column":4},"end":{"line":56,"column":46}},"28":{"start":{"line":60,"column":26},"end":{"line":73,"column":1}},"29":{"start":{"line":61,"column":2},"end":{"line":72,"column":3}},"30":{"start":{"line":62,"column":17},"end":{"line":62,"column":50}},"31":{"start":{"line":63,"column":4},"end":{"line":65,"column":5}},"32":{"start":{"line":64,"column":6},"end":{"line":64,"column":81}},"33":{"start":{"line":67,"column":4},"end":{"line":67,"column":24}},"34":{"start":{"line":68,"column":4},"end":{"line":68,"column":82}},"35":{"start":{"line":70,"column":4},"end":{"line":70,"column":93}},"36":{"start":{"line":71,"column":4},"end":{"line":71,"column":47}}},"fnMap":{"0":{"name":"getUserProfile","decl":{"start":{"line":3,"column":22},"end":{"line":3,"column":36}},"loc":{"start":{"line":3,"column":47},"end":{"line":14,"column":1}},"line":3},"1":{"name":"(anonymous_1)","decl":{"start":{"line":16,"column":32},"end":{"line":16,"column":33}},"loc":{"start":{"line":16,"column":52},"end":{"line":35,"column":1}},"line":16},"2":{"name":"(anonymous_2)","decl":{"start":{"line":37,"column":29},"end":{"line":37,"column":30}},"loc":{"start":{"line":37,"column":49},"end":{"line":58,"column":1}},"line":37},"3":{"name":"(anonymous_3)","decl":{"start":{"line":60,"column":26},"end":{"line":60,"column":27}},"loc":{"start":{"line":60,"column":46},"end":{"line":73,"column":1}},"line":60}},"branchMap":{"0":{"loc":{"start":{"line":6,"column":4},"end":{"line":8,"column":5}},"type":"if","locations":[{"start":{"line":6,"column":4},"end":{"line":8,"column":5}},{"start":{},"end":{}}],"line":6},"1":{"loc":{"start":{"line":19,"column":4},"end":{"line":21,"column":5}},"type":"if","locations":[{"start":{"line":19,"column":4},"end":{"line":21,"column":5}},{"start":{},"end":{}}],"line":19},"2":{"loc":{"start":{"line":42,"column":4},"end":{"line":44,"column":5}},"type":"if","locations":[{"start":{"line":42,"column":4},"end":{"line":44,"column":5}},{"start":{},"end":{}}],"line":42},"3":{"loc":{"start":{"line":63,"column":4},"end":{"line":65,"column":5}},"type":"if","locations":[{"start":{"line":63,"column":4},"end":{"line":65,"column":5}},{"start":{},"end":{}}],"line":63}},"s":{"0":1,"1":1,"2":1,"3":0,"4":1,"5":0,"6":0,"7":5,"8":0,"9":0,"10":0,"11":0,"12":0,"13":0,"14":0,"15":0,"16":0,"17":5,"18":0,"19":0,"20":0,"21":0,"22":0,"23":0,"24":0,"25":0,"26":0,"27":0,"28":5,"29":0,"30":0,"31":0,"32":0,"33":0,"34":0,"35":0,"36":0},"f":{"0":1,"1":0,"2":0,"3":0},"b":{"0":[0,1],"1":[0,0],"2":[0,0],"3":[0,0]},"inputSourceMap":null,"_coverageSchema":"1a1c01bbd47fc00a2c39e90264f33305004495a9","hash":"91d97e7d1b647691976fe7fec4d42f283e097408"}
,"/Users/elijahdecalmer/Desktop/University/Software Frameworks/Assignment 1/PortalChatServer/src/middlewares/tokenAuthMiddleware.js": {"path":"/Users/elijahdecalmer/Desktop/University/Software Frameworks/Assignment 1/PortalChatServer/src/middlewares/tokenAuthMiddleware.js","statementMap":{"0":{"start":{"line":8,"column":18},"end":{"line":29,"column":1}},"1":{"start":{"line":9,"column":14},"end":{"line":9,"column":41}},"2":{"start":{"line":11,"column":2},"end":{"line":13,"column":3}},"3":{"start":{"line":12,"column":4},"end":{"line":12,"column":41}},"4":{"start":{"line":14,"column":2},"end":{"line":16,"column":3}},"5":{"start":{"line":15,"column":4},"end":{"line":15,"column":79}},"6":{"start":{"line":18,"column":2},"end":{"line":28,"column":3}},"7":{"start":{"line":19,"column":17},"end":{"line":19,"column":46}},"8":{"start":{"line":20,"column":4},"end":{"line":22,"column":5}},"9":{"start":{"line":21,"column":6},"end":{"line":21,"column":80}},"10":{"start":{"line":24,"column":4},"end":{"line":24,"column":20}},"11":{"start":{"line":25,"column":4},"end":{"line":25,"column":11}},"12":{"start":{"line":27,"column":4},"end":{"line":27,"column":120}}},"fnMap":{"0":{"name":"(anonymous_0)","decl":{"start":{"line":8,"column":18},"end":{"line":8,"column":19}},"loc":{"start":{"line":8,"column":44},"end":{"line":29,"column":1}},"line":8}},"branchMap":{"0":{"loc":{"start":{"line":11,"column":2},"end":{"line":13,"column":3}},"type":"if","locations":[{"start":{"line":11,"column":2},"end":{"line":13,"column":3}},{"start":{},"end":{}}],"line":11},"1":{"loc":{"start":{"line":11,"column":6},"end":{"line":11,"column":42}},"type":"binary-expr","locations":[{"start":{"line":11,"column":6},"end":{"line":11,"column":11}},{"start":{"line":11,"column":15},"end":{"line":11,"column":42}}],"line":11},"2":{"loc":{"start":{"line":14,"column":2},"end":{"line":16,"column":3}},"type":"if","locations":[{"start":{"line":14,"column":2},"end":{"line":16,"column":3}},{"start":{},"end":{}}],"line":14},"3":{"loc":{"start":{"line":20,"column":4},"end":{"line":22,"column":5}},"type":"if","locations":[{"start":{"line":20,"column":4},"end":{"line":22,"column":5}},{"start":{},"end":{}}],"line":20}},"s":{"0":5,"1":14,"2":14,"3":5,"4":14,"5":0,"6":14,"7":14,"8":14,"9":0,"10":14,"11":14,"12":0},"f":{"0":14},"b":{"0":[5,9],"1":[14,14],"2":[0,14],"3":[0,14]},"inputSourceMap":null,"_coverageSchema":"1a1c01bbd47fc00a2c39e90264f33305004495a9","hash":"96c05db2838f0aa8710ddd03e7dc6b82f6317395"}
,"/Users/elijahdecalmer/Desktop/University/Software Frameworks/Assignment 1/PortalChatServer/src/models/Channel.js": {"path":"/Users/elijahdecalmer/Desktop/University/Software Frameworks/Assignment 1/PortalChatServer/src/models/Channel.js","statementMap":{"0":{"start":{"line":4,"column":22},"end":{"line":10,"column":2}},"1":{"start":{"line":11,"column":16},"end":{"line":11,"column":47}}},"fnMap":{},"branchMap":{},"s":{"0":5,"1":5},"f":{},"b":{},"inputSourceMap":null,"_coverageSchema":"1a1c01bbd47fc00a2c39e90264f33305004495a9","hash":"1576546f8b2d1e5cae0cd1e35210294bb4866c81"}
,"/Users/elijahdecalmer/Desktop/University/Software Frameworks/Assignment 1/PortalChatServer/src/models/Group.js": {"path":"/Users/elijahdecalmer/Desktop/University/Software Frameworks/Assignment 1/PortalChatServer/src/models/Group.js","statementMap":{"0":{"start":{"line":4,"column":20},"end":{"line":11,"column":2}},"1":{"start":{"line":13,"column":14},"end":{"line":13,"column":41}}},"fnMap":{},"branchMap":{},"s":{"0":5,"1":5},"f":{},"b":{},"inputSourceMap":null,"_coverageSchema":"1a1c01bbd47fc00a2c39e90264f33305004495a9","hash":"26d0ded04436ee5bd82c8fb0ef808840407f8833"}
,"/Users/elijahdecalmer/Desktop/University/Software Frameworks/Assignment 1/PortalChatServer/src/models/Message.js": {"path":"/Users/elijahdecalmer/Desktop/University/Software Frameworks/Assignment 1/PortalChatServer/src/models/Message.js","statementMap":{"0":{"start":{"line":4,"column":20},"end":{"line":9,"column":1}},"1":{"start":{"line":12,"column":22},"end":{"line":23,"column":2}},"2":{"start":{"line":25,"column":16},"end":{"line":25,"column":47}}},"fnMap":{},"branchMap":{},"s":{"0":5,"1":5,"2":5},"f":{},"b":{},"inputSourceMap":null,"_coverageSchema":"1a1c01bbd47fc00a2c39e90264f33305004495a9","hash":"5b75a30028a22094ef8435198fc4b9377537da8c"}
,"/Users/elijahdecalmer/Desktop/University/Software Frameworks/Assignment 1/PortalChatServer/src/models/User.js": {"path":"/Users/elijahdecalmer/Desktop/University/Software Frameworks/Assignment 1/PortalChatServer/src/models/User.js","statementMap":{"0":{"start":{"line":5,"column":17},"end":{"line":9,"column":1}},"1":{"start":{"line":10,"column":0},"end":{"line":10,"column":24}},"2":{"start":{"line":13,"column":19},"end":{"line":28,"column":2}},"3":{"start":{"line":31,"column":0},"end":{"line":36,"column":3}},"4":{"start":{"line":32,"column":2},"end":{"line":34,"column":3}},"5":{"start":{"line":33,"column":4},"end":{"line":33,"column":49}},"6":{"start":{"line":35,"column":2},"end":{"line":35,"column":9}},"7":{"start":{"line":38,"column":13},"end":{"line":38,"column":38}}},"fnMap":{"0":{"name":"(anonymous_0)","decl":{"start":{"line":31,"column":23},"end":{"line":31,"column":24}},"loc":{"start":{"line":31,"column":38},"end":{"line":36,"column":1}},"line":31}},"branchMap":{"0":{"loc":{"start":{"line":32,"column":2},"end":{"line":34,"column":3}},"type":"if","locations":[{"start":{"line":32,"column":2},"end":{"line":34,"column":3}},{"start":{},"end":{}}],"line":32}},"s":{"0":6,"1":6,"2":6,"3":6,"4":23,"5":8,"6":23,"7":6},"f":{"0":23},"b":{"0":[8,15]},"inputSourceMap":null,"_coverageSchema":"1a1c01bbd47fc00a2c39e90264f33305004495a9","hash":"769221d04d7112b24ff5b1921c029b9f567b9a21"}
,"/Users/elijahdecalmer/Desktop/University/Software Frameworks/Assignment 1/PortalChatServer/src/routes/adminRoutes.js": {"path":"/Users/elijahdecalmer/Desktop/University/Software Frameworks/Assignment 1/PortalChatServer/src/routes/adminRoutes.js","statementMap":{"0":{"start":{"line":4,"column":15},"end":{"line":4,"column":23}},"1":{"start":{"line":7,"column":0},"end":{"line":7,"column":68}},"2":{"start":{"line":10,"column":0},"end":{"line":10,"column":68}},"3":{"start":{"line":13,"column":0},"end":{"line":13,"column":53}}},"fnMap":{},"branchMap":{},"s":{"0":5,"1":5,"2":5,"3":5},"f":{},"b":{},"inputSourceMap":null,"_coverageSchema":"1a1c01bbd47fc00a2c39e90264f33305004495a9","hash":"9c0bd853a49f89d6d06f6820f7f529015da420df"}
,"/Users/elijahdecalmer/Desktop/University/Software Frameworks/Assignment 1/PortalChatServer/src/routes/authRoutes.js": {"path":"/Users/elijahdecalmer/Desktop/University/Software Frameworks/Assignment 1/PortalChatServer/src/routes/authRoutes.js","statementMap":{"0":{"start":{"line":4,"column":15},"end":{"line":4,"column":23}},"1":{"start":{"line":6,"column":0},"end":{"line":6,"column":35}},"2":{"start":{"line":7,"column":0},"end":{"line":7,"column":29}},"3":{"start":{"line":8,"column":0},"end":{"line":8,"column":56}}},"fnMap":{},"branchMap":{},"s":{"0":5,"1":5,"2":5,"3":5},"f":{},"b":{},"inputSourceMap":null,"_coverageSchema":"1a1c01bbd47fc00a2c39e90264f33305004495a9","hash":"2b90beaab7cf73d483101b8e28c136181318eb4d"}
,"/Users/elijahdecalmer/Desktop/University/Software Frameworks/Assignment 1/PortalChatServer/src/routes/channelRoutes.js": {"path":"/Users/elijahdecalmer/Desktop/University/Software Frameworks/Assignment 1/PortalChatServer/src/routes/channelRoutes.js","statementMap":{"0":{"start":{"line":4,"column":15},"end":{"line":4,"column":23}},"1":{"start":{"line":7,"column":0},"end":{"line":7,"column":56}},"2":{"start":{"line":10,"column":0},"end":{"line":10,"column":56}}},"fnMap":{},"branchMap":{},"s":{"0":5,"1":5,"2":5},"f":{},"b":{},"inputSourceMap":null,"_coverageSchema":"1a1c01bbd47fc00a2c39e90264f33305004495a9","hash":"673df94a9e3afd7df67ecd6175f2ac16fd53252d"}
,"/Users/elijahdecalmer/Desktop/University/Software Frameworks/Assignment 1/PortalChatServer/src/routes/groupRoutes.js": {"path":"/Users/elijahdecalmer/Desktop/University/Software Frameworks/Assignment 1/PortalChatServer/src/routes/groupRoutes.js","statementMap":{"0":{"start":{"line":4,"column":15},"end":{"line":4,"column":23}},"1":{"start":{"line":7,"column":0},"end":{"line":7,"column":52}},"2":{"start":{"line":10,"column":0},"end":{"line":10,"column":49}},"3":{"start":{"line":13,"column":0},"end":{"line":13,"column":45}},"4":{"start":{"line":16,"column":0},"end":{"line":16,"column":52}},"5":{"start":{"line":19,"column":0},"end":{"line":19,"column":52}},"6":{"start":{"line":22,"column":0},"end":{"line":22,"column":56}},"7":{"start":{"line":25,"column":0},"end":{"line":25,"column":56}}},"fnMap":{},"branchMap":{},"s":{"0":5,"1":5,"2":5,"3":5,"4":5,"5":5,"6":5,"7":5},"f":{},"b":{},"inputSourceMap":null,"_coverageSchema":"1a1c01bbd47fc00a2c39e90264f33305004495a9","hash":"bbd386f7aba1d0f8c32a28849a6c9ed4ebe2ff28"}
,"/Users/elijahdecalmer/Desktop/University/Software Frameworks/Assignment 1/PortalChatServer/src/routes/userRoutes.js": {"path":"/Users/elijahdecalmer/Desktop/University/Software Frameworks/Assignment 1/PortalChatServer/src/routes/userRoutes.js","statementMap":{"0":{"start":{"line":5,"column":15},"end":{"line":5,"column":43}},"1":{"start":{"line":6,"column":15},"end":{"line":6,"column":23}},"2":{"start":{"line":9,"column":0},"end":{"line":9,"column":51}},"3":{"start":{"line":12,"column":0},"end":{"line":12,"column":77}},"4":{"start":{"line":15,"column":0},"end":{"line":15,"column":46}},"5":{"start":{"line":18,"column":0},"end":{"line":18,"column":46}}},"fnMap":{},"branchMap":{},"s":{"0":5,"1":5,"2":5,"3":5,"4":5,"5":5},"f":{},"b":{},"inputSourceMap":null,"_coverageSchema":"1a1c01bbd47fc00a2c39e90264f33305004495a9","hash":"da680de32f5ea6441cfd3d20a90bab415baa0333"}
,"/Users/elijahdecalmer/Desktop/University/Software Frameworks/Assignment 1/PortalChatServer/tests/setup.js": {"path":"/Users/elijahdecalmer/Desktop/University/Software Frameworks/Assignment 1/PortalChatServer/tests/setup.js","statementMap":{"0":{"start":{"line":1,"column":0},"end":{"line":1,"column":30}},"1":{"start":{"line":9,"column":23},"end":{"line":16,"column":1}},"2":{"start":{"line":10,"column":2},"end":{"line":10,"column":49}},"3":{"start":{"line":11,"column":14},"end":{"line":11,"column":34}},"4":{"start":{"line":12,"column":2},"end":{"line":15,"column":5}},"5":{"start":{"line":18,"column":29},"end":{"line":22,"column":1}},"6":{"start":{"line":19,"column":2},"end":{"line":19,"column":43}},"7":{"start":{"line":20,"column":2},"end":{"line":20,"column":36}},"8":{"start":{"line":21,"column":2},"end":{"line":21,"column":27}},"9":{"start":{"line":24,"column":29},"end":{"line":30,"column":1}},"10":{"start":{"line":25,"column":22},"end":{"line":25,"column":53}},"11":{"start":{"line":26,"column":2},"end":{"line":29,"column":3}},"12":{"start":{"line":27,"column":23},"end":{"line":27,"column":39}},"13":{"start":{"line":28,"column":4},"end":{"line":28,"column":36}}},"fnMap":{"0":{"name":"(anonymous_0)","decl":{"start":{"line":9,"column":23},"end":{"line":9,"column":24}},"loc":{"start":{"line":9,"column":35},"end":{"line":16,"column":1}},"line":9},"1":{"name":"(anonymous_1)","decl":{"start":{"line":18,"column":29},"end":{"line":18,"column":30}},"loc":{"start":{"line":18,"column":41},"end":{"line":22,"column":1}},"line":18},"2":{"name":"(anonymous_2)","decl":{"start":{"line":24,"column":29},"end":{"line":24,"column":30}},"loc":{"start":{"line":24,"column":41},"end":{"line":30,"column":1}},"line":24}},"branchMap":{},"s":{"0":6,"1":6,"2":6,"3":6,"4":6,"5":6,"6":6,"7":6,"8":6,"9":6,"10":17,"11":17,"12":65,"13":65},"f":{"0":6,"1":6,"2":17},"b":{},"inputSourceMap":null,"_coverageSchema":"1a1c01bbd47fc00a2c39e90264f33305004495a9","hash":"98fd9d7b8eec29bb3257d7c34e7c8183022df5fa"}
}
