{"/Users/elijahdecalmer/Desktop/University/Software Frameworks/Assignment 1/PortalChatServer/src/server.js": {"path":"/Users/elijahdecalmer/Desktop/University/Software Frameworks/Assignment 1/PortalChatServer/src/server.js","statementMap":{"0":{"start":{"line":17,"column":12},"end":{"line":17,"column":21}},"1":{"start":{"line":18,"column":13},"end":{"line":18,"column":37}},"2":{"start":{"line":19,"column":13},"end":{"line":19,"column":22}},"3":{"start":{"line":20,"column":19},"end":{"line":20,"column":36}},"4":{"start":{"line":24,"column":0},"end":{"line":24,"column":12}},"5":{"start":{"line":27,"column":0},"end":{"line":27,"column":24}},"6":{"start":{"line":30,"column":0},"end":{"line":34,"column":4}},"7":{"start":{"line":38,"column":19},"end":{"line":40,"column":2}},"8":{"start":{"line":42,"column":0},"end":{"line":42,"column":31}},"9":{"start":{"line":45,"column":11},"end":{"line":50,"column":2}},"10":{"start":{"line":52,"column":0},"end":{"line":52,"column":24}},"11":{"start":{"line":56,"column":0},"end":{"line":56,"column":34}},"12":{"start":{"line":57,"column":0},"end":{"line":57,"column":36}},"13":{"start":{"line":58,"column":0},"end":{"line":58,"column":33}},"14":{"start":{"line":59,"column":0},"end":{"line":59,"column":35}},"15":{"start":{"line":60,"column":0},"end":{"line":60,"column":40}},"16":{"start":{"line":63,"column":19},"end":{"line":63,"column":49}},"17":{"start":{"line":64,"column":18},"end":{"line":64,"column":42}},"18":{"start":{"line":65,"column":0},"end":{"line":65,"column":81}},"19":{"start":{"line":68,"column":0},"end":{"line":68,"column":22}},"20":{"start":{"line":71,"column":0},"end":{"line":75,"column":1}},"21":{"start":{"line":72,"column":4},"end":{"line":74,"column":7}},"22":{"start":{"line":73,"column":8},"end":{"line":73,"column":66}}},"fnMap":{"0":{"name":"(anonymous_0)","decl":{"start":{"line":72,"column":34},"end":{"line":72,"column":35}},"loc":{"start":{"line":72,"column":40},"end":{"line":74,"column":5}},"line":72}},"branchMap":{"0":{"loc":{"start":{"line":18,"column":13},"end":{"line":18,"column":37}},"type":"binary-expr","locations":[{"start":{"line":18,"column":13},"end":{"line":18,"column":29}},{"start":{"line":18,"column":33},"end":{"line":18,"column":37}}],"line":18},"1":{"loc":{"start":{"line":71,"column":0},"end":{"line":75,"column":1}},"type":"if","locations":[{"start":{"line":71,"column":0},"end":{"line":75,"column":1}},{"start":{},"end":{}}],"line":71}},"s":{"0":5,"1":5,"2":5,"3":5,"4":5,"5":5,"6":5,"7":5,"8":5,"9":5,"10":5,"11":5,"12":5,"13":5,"14":5,"15":5,"16":5,"17":5,"18":5,"19":5,"20":5,"21":0,"22":0},"f":{"0":0},"b":{"0":[5,5],"1":[0,5]},"inputSourceMap":null,"_coverageSchema":"1a1c01bbd47fc00a2c39e90264f33305004495a9","hash":"d5a1711826c7b1c9da06abf6f207e67c9a844885"}
,"/Users/elijahdecalmer/Desktop/University/Software Frameworks/Assignment 1/PortalChatServer/src/sockets.js": {"path":"/Users/elijahdecalmer/Desktop/University/Software Frameworks/Assignment 1/PortalChatServer/src/sockets.js","statementMap":{"0":{"start":{"line":5,"column":2},"end":{"line":78,"column":5}},"1":{"start":{"line":6,"column":4},"end":{"line":6,"column":48}},"2":{"start":{"line":9,"column":4},"end":{"line":14,"column":7}},"3":{"start":{"line":12,"column":8},"end":{"line":12,"column":63}},"4":{"start":{"line":18,"column":4},"end":{"line":41,"column":7}},"5":{"start":{"line":19,"column":6},"end":{"line":40,"column":7}},"6":{"start":{"line":20,"column":24},"end":{"line":20,"column":81}},"7":{"start":{"line":23,"column":8},"end":{"line":25,"column":9}},"8":{"start":{"line":24,"column":10},"end":{"line":24,"column":75}},"9":{"start":{"line":28,"column":8},"end":{"line":28,"column":31}},"10":{"start":{"line":29,"column":8},"end":{"line":29,"column":66}},"11":{"start":{"line":32,"column":25},"end":{"line":35,"column":29}},"12":{"start":{"line":36,"column":8},"end":{"line":36,"column":60}},"13":{"start":{"line":38,"column":8},"end":{"line":38,"column":59}},"14":{"start":{"line":39,"column":8},"end":{"line":39,"column":29}},"15":{"start":{"line":44,"column":4},"end":{"line":72,"column":7}},"16":{"start":{"line":45,"column":6},"end":{"line":71,"column":7}},"17":{"start":{"line":47,"column":24},"end":{"line":47,"column":57}},"18":{"start":{"line":48,"column":8},"end":{"line":48,"column":72}},"19":{"start":{"line":48,"column":22},"end":{"line":48,"column":72}},"20":{"start":{"line":51,"column":24},"end":{"line":58,"column":10}},"21":{"start":{"line":59,"column":8},"end":{"line":59,"column":29}},"22":{"start":{"line":62,"column":8},"end":{"line":62,"column":39}},"23":{"start":{"line":63,"column":8},"end":{"line":63,"column":29}},"24":{"start":{"line":65,"column":33},"end":{"line":65,"column":65}},"25":{"start":{"line":67,"column":8},"end":{"line":67,"column":62}},"26":{"start":{"line":69,"column":8},"end":{"line":69,"column":59}},"27":{"start":{"line":70,"column":8},"end":{"line":70,"column":29}},"28":{"start":{"line":75,"column":4},"end":{"line":77,"column":7}},"29":{"start":{"line":76,"column":6},"end":{"line":76,"column":53}}},"fnMap":{"0":{"name":"initializeSockets","decl":{"start":{"line":4,"column":16},"end":{"line":4,"column":33}},"loc":{"start":{"line":4,"column":38},"end":{"line":79,"column":1}},"line":4},"1":{"name":"(anonymous_1)","decl":{"start":{"line":5,"column":22},"end":{"line":5,"column":23}},"loc":{"start":{"line":5,"column":34},"end":{"line":78,"column":3}},"line":5},"2":{"name":"(anonymous_2)","decl":{"start":{"line":9,"column":31},"end":{"line":9,"column":32}},"loc":{"start":{"line":9,"column":58},"end":{"line":14,"column":5}},"line":9},"3":{"name":"(anonymous_3)","decl":{"start":{"line":18,"column":29},"end":{"line":18,"column":30}},"loc":{"start":{"line":18,"column":62},"end":{"line":41,"column":5}},"line":18},"4":{"name":"(anonymous_4)","decl":{"start":{"line":44,"column":29},"end":{"line":44,"column":30}},"loc":{"start":{"line":44,"column":91},"end":{"line":72,"column":5}},"line":44},"5":{"name":"(anonymous_5)","decl":{"start":{"line":75,"column":28},"end":{"line":75,"column":29}},"loc":{"start":{"line":75,"column":34},"end":{"line":77,"column":5}},"line":75}},"branchMap":{"0":{"loc":{"start":{"line":23,"column":8},"end":{"line":25,"column":9}},"type":"if","locations":[{"start":{"line":23,"column":8},"end":{"line":25,"column":9}},{"start":{},"end":{}}],"line":23},"1":{"loc":{"start":{"line":48,"column":8},"end":{"line":48,"column":72}},"type":"if","locations":[{"start":{"line":48,"column":8},"end":{"line":48,"column":72}},{"start":{},"end":{}}],"line":48},"2":{"loc":{"start":{"line":54,"column":16},"end":{"line":54,"column":62}},"type":"cond-expr","locations":[{"start":{"line":54,"column":51},"end":{"line":54,"column":55}},{"start":{"line":54,"column":58},"end":{"line":54,"column":62}}],"line":54},"3":{"loc":{"start":{"line":55,"column":20},"end":{"line":55,"column":70}},"type":"cond-expr","locations":[{"start":{"line":55,"column":55},"end":{"line":55,"column":63}},{"start":{"line":55,"column":66},"end":{"line":55,"column":70}}],"line":55}},"s":{"0":5,"1":0,"2":0,"3":0,"4":0,"5":0,"6":0,"7":0,"8":0,"9":0,"10":0,"11":0,"12":0,"13":0,"14":0,"15":0,"16":0,"17":0,"18":0,"19":0,"20":0,"21":0,"22":0,"23":0,"24":0,"25":0,"26":0,"27":0,"28":0,"29":0},"f":{"0":5,"1":0,"2":0,"3":0,"4":0,"5":0},"b":{"0":[0,0],"1":[0,0],"2":[0,0],"3":[0,0]},"inputSourceMap":null,"_coverageSchema":"1a1c01bbd47fc00a2c39e90264f33305004495a9","hash":"70cffc9d4b8e8cd52c5c625b0cc21bd8114722e4"}
,"/Users/elijahdecalmer/Desktop/University/Software Frameworks/Assignment 1/PortalChatServer/src/config/db.js": {"path":"/Users/elijahdecalmer/Desktop/University/Software Frameworks/Assignment 1/PortalChatServer/src/config/db.js","statementMap":{"0":{"start":{"line":3,"column":18},"end":{"line":10,"column":1}},"1":{"start":{"line":4,"column":2},"end":{"line":9,"column":3}},"2":{"start":{"line":5,"column":4},"end":{"line":8,"column":5}},"3":{"start":{"line":6,"column":19},"end":{"line":6,"column":100}},"4":{"start":{"line":7,"column":6},"end":{"line":7,"column":64}}},"fnMap":{"0":{"name":"(anonymous_0)","decl":{"start":{"line":3,"column":18},"end":{"line":3,"column":19}},"loc":{"start":{"line":3,"column":30},"end":{"line":10,"column":1}},"line":3}},"branchMap":{"0":{"loc":{"start":{"line":4,"column":2},"end":{"line":9,"column":3}},"type":"if","locations":[{"start":{"line":4,"column":2},"end":{"line":9,"column":3}},{"start":{},"end":{}}],"line":4},"1":{"loc":{"start":{"line":5,"column":4},"end":{"line":8,"column":5}},"type":"if","locations":[{"start":{"line":5,"column":4},"end":{"line":8,"column":5}},{"start":{},"end":{}}],"line":5},"2":{"loc":{"start":{"line":6,"column":42},"end":{"line":6,"column":99}},"type":"binary-expr","locations":[{"start":{"line":6,"column":42},"end":{"line":6,"column":63}},{"start":{"line":6,"column":67},"end":{"line":6,"column":99}}],"line":6}},"s":{"0":5,"1":5,"2":0,"3":0,"4":0},"f":{"0":5},"b":{"0":[0,5],"1":[0,0],"2":[0,0]},"inputSourceMap":null,"_coverageSchema":"1a1c01bbd47fc00a2c39e90264f33305004495a9","hash":"1ee67a925693c9fcea28998b0bb2c7c2f40ea56a"}
,"/Users/elijahdecalmer/Desktop/University/Software Frameworks/Assignment 1/PortalChatServer/src/config/multerConfig.js": {"path":"/Users/elijahdecalmer/Desktop/University/Software Frameworks/Assignment 1/PortalChatServer/src/config/multerConfig.js","statementMap":{"0":{"start":{"line":6,"column":19},"end":{"line":6,"column":49}},"1":{"start":{"line":7,"column":18},"end":{"line":7,"column":42}},"2":{"start":{"line":10,"column":16},"end":{"line":18,"column":2}},"3":{"start":{"line":12,"column":4},"end":{"line":12,"column":55}},"4":{"start":{"line":15,"column":25},"end":{"line":15,"column":75}},"5":{"start":{"line":16,"column":4},"end":{"line":16,"column":53}},"6":{"start":{"line":20,"column":15},"end":{"line":20,"column":43}}},"fnMap":{"0":{"name":"(anonymous_0)","decl":{"start":{"line":11,"column":15},"end":{"line":11,"column":16}},"loc":{"start":{"line":11,"column":34},"end":{"line":13,"column":3}},"line":11},"1":{"name":"(anonymous_1)","decl":{"start":{"line":14,"column":12},"end":{"line":14,"column":13}},"loc":{"start":{"line":14,"column":31},"end":{"line":17,"column":3}},"line":14}},"branchMap":{},"s":{"0":5,"1":5,"2":5,"3":0,"4":0,"5":0,"6":5},"f":{"0":0,"1":0},"b":{},"inputSourceMap":null,"_coverageSchema":"1a1c01bbd47fc00a2c39e90264f33305004495a9","hash":"a8d21c5f3a9eb7fde8399d4a61595195b805c850"}
,"/Users/elijahdecalmer/Desktop/University/Software Frameworks/Assignment 1/PortalChatServer/src/controllers/adminController.js": {"path":"/Users/elijahdecalmer/Desktop/University/Software Frameworks/Assignment 1/PortalChatServer/src/controllers/adminController.js","statementMap":{"0":{"start":{"line":8,"column":32},"end":{"line":8,"column":40}},"1":{"start":{"line":9,"column":2},"end":{"line":21,"column":3}},"2":{"start":{"line":10,"column":4},"end":{"line":10,"column":151}},"3":{"start":{"line":10,"column":48},"end":{"line":10,"column":151}},"4":{"start":{"line":12,"column":26},"end":{"line":12,"column":77}},"5":{"start":{"line":13,"column":4},"end":{"line":13,"column":120}},"6":{"start":{"line":13,"column":24},"end":{"line":13,"column":120}},"7":{"start":{"line":15,"column":4},"end":{"line":15,"column":46}},"8":{"start":{"line":16,"column":4},"end":{"line":16,"column":31}},"9":{"start":{"line":18,"column":4},"end":{"line":18,"column":84}},"10":{"start":{"line":20,"column":4},"end":{"line":20,"column":100}},"11":{"start":{"line":27,"column":32},"end":{"line":27,"column":40}},"12":{"start":{"line":28,"column":2},"end":{"line":41,"column":3}},"13":{"start":{"line":29,"column":4},"end":{"line":29,"column":151}},"14":{"start":{"line":29,"column":48},"end":{"line":29,"column":151}},"15":{"start":{"line":31,"column":26},"end":{"line":31,"column":77}},"16":{"start":{"line":32,"column":4},"end":{"line":32,"column":120}},"17":{"start":{"line":32,"column":24},"end":{"line":32,"column":120}},"18":{"start":{"line":34,"column":4},"end":{"line":34,"column":46}},"19":{"start":{"line":35,"column":4},"end":{"line":35,"column":31}},"20":{"start":{"line":37,"column":4},"end":{"line":37,"column":84}},"21":{"start":{"line":39,"column":4},"end":{"line":39,"column":63}},"22":{"start":{"line":40,"column":4},"end":{"line":40,"column":100}},"23":{"start":{"line":46,"column":21},"end":{"line":46,"column":29}},"24":{"start":{"line":47,"column":2},"end":{"line":57,"column":3}},"25":{"start":{"line":48,"column":17},"end":{"line":48,"column":61}},"26":{"start":{"line":49,"column":4},"end":{"line":49,"column":89}},"27":{"start":{"line":49,"column":15},"end":{"line":49,"column":89}},"28":{"start":{"line":51,"column":4},"end":{"line":51,"column":135}},"29":{"start":{"line":51,"column":48},"end":{"line":51,"column":135}},"30":{"start":{"line":53,"column":4},"end":{"line":53,"column":69}},"31":{"start":{"line":56,"column":4},"end":{"line":56,"column":85}},"32":{"start":{"line":62,"column":2},"end":{"line":70,"column":3}},"33":{"start":{"line":63,"column":4},"end":{"line":64,"column":96}},"34":{"start":{"line":64,"column":6},"end":{"line":64,"column":96}},"35":{"start":{"line":66,"column":18},"end":{"line":66,"column":55}},"36":{"start":{"line":67,"column":4},"end":{"line":67,"column":51}},"37":{"start":{"line":69,"column":4},"end":{"line":69,"column":90}},"38":{"start":{"line":75,"column":30},"end":{"line":75,"column":38}},"39":{"start":{"line":77,"column":2},"end":{"line":103,"column":3}},"40":{"start":{"line":78,"column":17},"end":{"line":78,"column":44}},"41":{"start":{"line":79,"column":4},"end":{"line":81,"column":5}},"42":{"start":{"line":80,"column":6},"end":{"line":80,"column":81}},"43":{"start":{"line":83,"column":4},"end":{"line":85,"column":5}},"44":{"start":{"line":84,"column":6},"end":{"line":84,"column":94}},"45":{"start":{"line":88,"column":19},"end":{"line":91,"column":6}},"46":{"start":{"line":93,"column":4},"end":{"line":93,"column":24}},"47":{"start":{"line":96,"column":4},"end":{"line":96,"column":34}},"48":{"start":{"line":98,"column":4},"end":{"line":98,"column":22}},"49":{"start":{"line":100,"column":4},"end":{"line":100,"column":83}},"50":{"start":{"line":102,"column":4},"end":{"line":102,"column":86}},"51":{"start":{"line":109,"column":2},"end":{"line":145,"column":3}},"52":{"start":{"line":113,"column":4},"end":{"line":136,"column":5}},"53":{"start":{"line":114,"column":6},"end":{"line":122,"column":9}},"54":{"start":{"line":124,"column":11},"end":{"line":136,"column":5}},"55":{"start":{"line":125,"column":6},"end":{"line":133,"column":9}},"56":{"start":{"line":135,"column":6},"end":{"line":135,"column":18}},"57":{"start":{"line":138,"column":4},"end":{"line":140,"column":5}},"58":{"start":{"line":139,"column":6},"end":{"line":139,"column":82}},"59":{"start":{"line":142,"column":4},"end":{"line":142,"column":52}},"60":{"start":{"line":144,"column":4},"end":{"line":144,"column":87}}},"fnMap":{"0":{"name":"promoteToGroupAdmin","decl":{"start":{"line":7,"column":22},"end":{"line":7,"column":41}},"loc":{"start":{"line":7,"column":52},"end":{"line":22,"column":1}},"line":7},"1":{"name":"promoteToSuperAdmin","decl":{"start":{"line":26,"column":22},"end":{"line":26,"column":41}},"loc":{"start":{"line":26,"column":52},"end":{"line":42,"column":1}},"line":26},"2":{"name":"deleteAccount","decl":{"start":{"line":45,"column":22},"end":{"line":45,"column":35}},"loc":{"start":{"line":45,"column":46},"end":{"line":58,"column":1}},"line":45},"3":{"name":"getAllUsers","decl":{"start":{"line":61,"column":22},"end":{"line":61,"column":33}},"loc":{"start":{"line":61,"column":44},"end":{"line":71,"column":1}},"line":61},"4":{"name":"reportUser","decl":{"start":{"line":74,"column":22},"end":{"line":74,"column":32}},"loc":{"start":{"line":74,"column":43},"end":{"line":104,"column":1}},"line":74},"5":{"name":"getMyGroups","decl":{"start":{"line":108,"column":22},"end":{"line":108,"column":33}},"loc":{"start":{"line":108,"column":44},"end":{"line":146,"column":1}},"line":108}},"branchMap":{"0":{"loc":{"start":{"line":10,"column":4},"end":{"line":10,"column":151}},"type":"if","locations":[{"start":{"line":10,"column":4},"end":{"line":10,"column":151}},{"start":{},"end":{}}],"line":10},"1":{"loc":{"start":{"line":13,"column":4},"end":{"line":13,"column":120}},"type":"if","locations":[{"start":{"line":13,"column":4},"end":{"line":13,"column":120}},{"start":{},"end":{}}],"line":13},"2":{"loc":{"start":{"line":29,"column":4},"end":{"line":29,"column":151}},"type":"if","locations":[{"start":{"line":29,"column":4},"end":{"line":29,"column":151}},{"start":{},"end":{}}],"line":29},"3":{"loc":{"start":{"line":32,"column":4},"end":{"line":32,"column":120}},"type":"if","locations":[{"start":{"line":32,"column":4},"end":{"line":32,"column":120}},{"start":{},"end":{}}],"line":32},"4":{"loc":{"start":{"line":49,"column":4},"end":{"line":49,"column":89}},"type":"if","locations":[{"start":{"line":49,"column":4},"end":{"line":49,"column":89}},{"start":{},"end":{}}],"line":49},"5":{"loc":{"start":{"line":51,"column":4},"end":{"line":51,"column":135}},"type":"if","locations":[{"start":{"line":51,"column":4},"end":{"line":51,"column":135}},{"start":{},"end":{}}],"line":51},"6":{"loc":{"start":{"line":63,"column":4},"end":{"line":64,"column":96}},"type":"if","locations":[{"start":{"line":63,"column":4},"end":{"line":64,"column":96}},{"start":{},"end":{}}],"line":63},"7":{"loc":{"start":{"line":79,"column":4},"end":{"line":81,"column":5}},"type":"if","locations":[{"start":{"line":79,"column":4},"end":{"line":81,"column":5}},{"start":{},"end":{}}],"line":79},"8":{"loc":{"start":{"line":83,"column":4},"end":{"line":85,"column":5}},"type":"if","locations":[{"start":{"line":83,"column":4},"end":{"line":85,"column":5}},{"start":{},"end":{}}],"line":83},"9":{"loc":{"start":{"line":83,"column":8},"end":{"line":83,"column":88}},"type":"binary-expr","locations":[{"start":{"line":83,"column":8},"end":{"line":83,"column":46}},{"start":{"line":83,"column":50},"end":{"line":83,"column":88}}],"line":83},"10":{"loc":{"start":{"line":113,"column":4},"end":{"line":136,"column":5}},"type":"if","locations":[{"start":{"line":113,"column":4},"end":{"line":136,"column":5}},{"start":{"line":124,"column":11},"end":{"line":136,"column":5}}],"line":113},"11":{"loc":{"start":{"line":124,"column":11},"end":{"line":136,"column":5}},"type":"if","locations":[{"start":{"line":124,"column":11},"end":{"line":136,"column":5}},{"start":{"line":134,"column":11},"end":{"line":136,"column":5}}],"line":124},"12":{"loc":{"start":{"line":138,"column":4},"end":{"line":140,"column":5}},"type":"if","locations":[{"start":{"line":138,"column":4},"end":{"line":140,"column":5}},{"start":{},"end":{}}],"line":138},"13":{"loc":{"start":{"line":138,"column":8},"end":{"line":138,"column":38}},"type":"binary-expr","locations":[{"start":{"line":138,"column":8},"end":{"line":138,"column":15}},{"start":{"line":138,"column":19},"end":{"line":138,"column":38}}],"line":138}},"s":{"0":1,"1":1,"2":1,"3":1,"4":0,"5":0,"6":0,"7":0,"8":0,"9":0,"10":0,"11":1,"12":1,"13":1,"14":1,"15":0,"16":0,"17":0,"18":0,"19":0,"20":0,"21":0,"22":0,"23":0,"24":0,"25":0,"26":0,"27":0,"28":0,"29":0,"30":0,"31":0,"32":0,"33":0,"34":0,"35":0,"36":0,"37":0,"38":1,"39":1,"40":1,"41":1,"42":0,"43":1,"44":1,"45":0,"46":0,"47":0,"48":0,"49":0,"50":0,"51":0,"52":0,"53":0,"54":0,"55":0,"56":0,"57":0,"58":0,"59":0,"60":0},"f":{"0":1,"1":1,"2":0,"3":0,"4":1,"5":0},"b":{"0":[1,0],"1":[0,0],"2":[1,0],"3":[0,0],"4":[0,0],"5":[0,0],"6":[0,0],"7":[0,1],"8":[1,0],"9":[1,1],"10":[0,0],"11":[0,0],"12":[0,0],"13":[0,0]},"inputSourceMap":null,"_coverageSchema":"1a1c01bbd47fc00a2c39e90264f33305004495a9","hash":"9977581d16006ab5722721ed26af856831219547"}
,"/Users/elijahdecalmer/Desktop/University/Software Frameworks/Assignment 1/PortalChatServer/src/controllers/authController.js": {"path":"/Users/elijahdecalmer/Desktop/University/Software Frameworks/Assignment 1/PortalChatServer/src/controllers/authController.js","statementMap":{"0":{"start":{"line":4,"column":46},"end":{"line":4,"column":54}},"1":{"start":{"line":5,"column":2},"end":{"line":16,"column":3}},"2":{"start":{"line":6,"column":19},"end":{"line":6,"column":23}},"3":{"start":{"line":7,"column":4},"end":{"line":7,"column":45}},"4":{"start":{"line":7,"column":15},"end":{"line":7,"column":45}},"5":{"start":{"line":8,"column":17},"end":{"line":8,"column":66}},"6":{"start":{"line":9,"column":4},"end":{"line":9,"column":22}},"7":{"start":{"line":11,"column":28},"end":{"line":11,"column":43}},"8":{"start":{"line":12,"column":4},"end":{"line":12,"column":38}},"9":{"start":{"line":13,"column":4},"end":{"line":13,"column":68}},"10":{"start":{"line":15,"column":4},"end":{"line":15,"column":87}},"11":{"start":{"line":21,"column":33},"end":{"line":21,"column":41}},"12":{"start":{"line":22,"column":2},"end":{"line":37,"column":3}},"13":{"start":{"line":23,"column":17},"end":{"line":23,"column":82}},"14":{"start":{"line":24,"column":4},"end":{"line":24,"column":89}},"15":{"start":{"line":24,"column":15},"end":{"line":24,"column":89}},"16":{"start":{"line":26,"column":4},"end":{"line":28,"column":5}},"17":{"start":{"line":27,"column":6},"end":{"line":27,"column":82}},"18":{"start":{"line":31,"column":28},"end":{"line":31,"column":43}},"19":{"start":{"line":32,"column":4},"end":{"line":32,"column":38}},"20":{"start":{"line":34,"column":4},"end":{"line":34,"column":68}},"21":{"start":{"line":36,"column":4},"end":{"line":36,"column":81}},"22":{"start":{"line":42,"column":2},"end":{"line":49,"column":3}},"23":{"start":{"line":43,"column":17},"end":{"line":43,"column":77}},"24":{"start":{"line":44,"column":4},"end":{"line":44,"column":89}},"25":{"start":{"line":44,"column":15},"end":{"line":44,"column":89}},"26":{"start":{"line":45,"column":4},"end":{"line":45,"column":69}},"27":{"start":{"line":48,"column":4},"end":{"line":48,"column":85}},"28":{"start":{"line":52,"column":27},"end":{"line":63,"column":1}},"29":{"start":{"line":53,"column":2},"end":{"line":62,"column":3}},"30":{"start":{"line":54,"column":17},"end":{"line":54,"column":103}},"31":{"start":{"line":55,"column":4},"end":{"line":57,"column":5}},"32":{"start":{"line":56,"column":6},"end":{"line":56,"column":81}},"33":{"start":{"line":58,"column":4},"end":{"line":58,"column":98}},"34":{"start":{"line":60,"column":4},"end":{"line":60,"column":96}},"35":{"start":{"line":61,"column":4},"end":{"line":61,"column":55}}},"fnMap":{"0":{"name":"register","decl":{"start":{"line":3,"column":22},"end":{"line":3,"column":30}},"loc":{"start":{"line":3,"column":41},"end":{"line":17,"column":1}},"line":3},"1":{"name":"login","decl":{"start":{"line":20,"column":22},"end":{"line":20,"column":27}},"loc":{"start":{"line":20,"column":38},"end":{"line":38,"column":1}},"line":20},"2":{"name":"deleteAccount","decl":{"start":{"line":41,"column":22},"end":{"line":41,"column":35}},"loc":{"start":{"line":41,"column":46},"end":{"line":50,"column":1}},"line":41},"3":{"name":"(anonymous_3)","decl":{"start":{"line":52,"column":27},"end":{"line":52,"column":28}},"loc":{"start":{"line":52,"column":47},"end":{"line":63,"column":1}},"line":52}},"branchMap":{"0":{"loc":{"start":{"line":7,"column":4},"end":{"line":7,"column":45}},"type":"if","locations":[{"start":{"line":7,"column":4},"end":{"line":7,"column":45}},{"start":{},"end":{}}],"line":7},"1":{"loc":{"start":{"line":24,"column":4},"end":{"line":24,"column":89}},"type":"if","locations":[{"start":{"line":24,"column":4},"end":{"line":24,"column":89}},{"start":{},"end":{}}],"line":24},"2":{"loc":{"start":{"line":26,"column":4},"end":{"line":28,"column":5}},"type":"if","locations":[{"start":{"line":26,"column":4},"end":{"line":28,"column":5}},{"start":{},"end":{}}],"line":26},"3":{"loc":{"start":{"line":44,"column":4},"end":{"line":44,"column":89}},"type":"if","locations":[{"start":{"line":44,"column":4},"end":{"line":44,"column":89}},{"start":{},"end":{}}],"line":44},"4":{"loc":{"start":{"line":55,"column":4},"end":{"line":57,"column":5}},"type":"if","locations":[{"start":{"line":55,"column":4},"end":{"line":57,"column":5}},{"start":{},"end":{}}],"line":55}},"s":{"0":18,"1":18,"2":18,"3":18,"4":11,"5":18,"6":18,"7":18,"8":18,"9":18,"10":0,"11":2,"12":2,"13":2,"14":2,"15":0,"16":2,"17":1,"18":1,"19":1,"20":1,"21":0,"22":1,"23":1,"24":1,"25":0,"26":1,"27":0,"28":5,"29":0,"30":0,"31":0,"32":0,"33":0,"34":0,"35":0},"f":{"0":18,"1":2,"2":1,"3":0},"b":{"0":[11,7],"1":[0,2],"2":[1,1],"3":[0,1],"4":[0,0]},"inputSourceMap":null,"_coverageSchema":"1a1c01bbd47fc00a2c39e90264f33305004495a9","hash":"0942315685089c4a0b16f8251adf565973f0f291"}
,"/Users/elijahdecalmer/Desktop/University/Software Frameworks/Assignment 1/PortalChatServer/src/controllers/channelController.js": {"path":"/Users/elijahdecalmer/Desktop/University/Software Frameworks/Assignment 1/PortalChatServer/src/controllers/channelController.js","statementMap":{"0":{"start":{"line":9,"column":55},"end":{"line":9,"column":63}},"1":{"start":{"line":11,"column":2},"end":{"line":43,"column":3}},"2":{"start":{"line":12,"column":4},"end":{"line":14,"column":5}},"3":{"start":{"line":13,"column":6},"end":{"line":13,"column":120}},"4":{"start":{"line":16,"column":18},"end":{"line":16,"column":47}},"5":{"start":{"line":18,"column":4},"end":{"line":20,"column":5}},"6":{"start":{"line":19,"column":6},"end":{"line":19,"column":134}},"7":{"start":{"line":23,"column":20},"end":{"line":27,"column":6}},"8":{"start":{"line":29,"column":4},"end":{"line":29,"column":25}},"9":{"start":{"line":32,"column":4},"end":{"line":32,"column":37}},"10":{"start":{"line":34,"column":4},"end":{"line":34,"column":23}},"11":{"start":{"line":37,"column":25},"end":{"line":37,"column":75}},"12":{"start":{"line":39,"column":4},"end":{"line":39,"column":106}},"13":{"start":{"line":41,"column":4},"end":{"line":41,"column":49}},"14":{"start":{"line":42,"column":4},"end":{"line":42,"column":88}},"15":{"start":{"line":49,"column":33},"end":{"line":49,"column":41}},"16":{"start":{"line":51,"column":2},"end":{"line":70,"column":3}},"17":{"start":{"line":52,"column":4},"end":{"line":54,"column":5}},"18":{"start":{"line":53,"column":6},"end":{"line":53,"column":120}},"19":{"start":{"line":56,"column":18},"end":{"line":56,"column":47}},"20":{"start":{"line":58,"column":4},"end":{"line":60,"column":5}},"21":{"start":{"line":59,"column":6},"end":{"line":59,"column":134}},"22":{"start":{"line":62,"column":4},"end":{"line":62,"column":44}},"23":{"start":{"line":64,"column":4},"end":{"line":64,"column":23}},"24":{"start":{"line":66,"column":4},"end":{"line":66,"column":98}},"25":{"start":{"line":68,"column":4},"end":{"line":68,"column":49}},"26":{"start":{"line":69,"column":4},"end":{"line":69,"column":88}},"27":{"start":{"line":75,"column":24},"end":{"line":75,"column":32}},"28":{"start":{"line":77,"column":2},"end":{"line":92,"column":3}},"29":{"start":{"line":78,"column":20},"end":{"line":78,"column":109}},"30":{"start":{"line":80,"column":4},"end":{"line":82,"column":5}},"31":{"start":{"line":81,"column":6},"end":{"line":81,"column":84}},"32":{"start":{"line":84,"column":4},"end":{"line":86,"column":5}},"33":{"start":{"line":85,"column":6},"end":{"line":85,"column":99}},"34":{"start":{"line":88,"column":4},"end":{"line":88,"column":109}},"35":{"start":{"line":90,"column":4},"end":{"line":90,"column":61}},"36":{"start":{"line":91,"column":4},"end":{"line":91,"column":100}},"37":{"start":{"line":97,"column":32},"end":{"line":97,"column":40}},"38":{"start":{"line":99,"column":2},"end":{"line":118,"column":3}},"39":{"start":{"line":100,"column":20},"end":{"line":100,"column":53}},"40":{"start":{"line":102,"column":4},"end":{"line":104,"column":5}},"41":{"start":{"line":103,"column":6},"end":{"line":103,"column":84}},"42":{"start":{"line":106,"column":4},"end":{"line":108,"column":5}},"43":{"start":{"line":107,"column":6},"end":{"line":107,"column":114}},"44":{"start":{"line":110,"column":4},"end":{"line":110,"column":37}},"45":{"start":{"line":112,"column":4},"end":{"line":112,"column":25}},"46":{"start":{"line":114,"column":4},"end":{"line":114,"column":104}},"47":{"start":{"line":116,"column":4},"end":{"line":116,"column":45}},"48":{"start":{"line":117,"column":4},"end":{"line":117,"column":84}},"49":{"start":{"line":123,"column":13},"end":{"line":123,"column":36}},"50":{"start":{"line":125,"column":2},"end":{"line":150,"column":3}},"51":{"start":{"line":126,"column":45},"end":{"line":126,"column":53}},"52":{"start":{"line":129,"column":18},"end":{"line":136,"column":6}},"53":{"start":{"line":138,"column":4},"end":{"line":138,"column":25}},"54":{"start":{"line":140,"column":29},"end":{"line":140,"column":61}},"55":{"start":{"line":143,"column":4},"end":{"line":143,"column":58}},"56":{"start":{"line":146,"column":4},"end":{"line":146,"column":93}},"57":{"start":{"line":148,"column":4},"end":{"line":148,"column":68}},"58":{"start":{"line":149,"column":4},"end":{"line":149,"column":94}},"59":{"start":{"line":155,"column":24},"end":{"line":155,"column":32}},"60":{"start":{"line":157,"column":2},"end":{"line":168,"column":3}},"61":{"start":{"line":158,"column":20},"end":{"line":158,"column":71}},"62":{"start":{"line":160,"column":4},"end":{"line":162,"column":5}},"63":{"start":{"line":161,"column":6},"end":{"line":161,"column":84}},"64":{"start":{"line":164,"column":4},"end":{"line":164,"column":104}},"65":{"start":{"line":167,"column":4},"end":{"line":167,"column":96}}},"fnMap":{"0":{"name":"createChannel","decl":{"start":{"line":8,"column":22},"end":{"line":8,"column":35}},"loc":{"start":{"line":8,"column":46},"end":{"line":44,"column":1}},"line":8},"1":{"name":"deleteChannel","decl":{"start":{"line":48,"column":22},"end":{"line":48,"column":35}},"loc":{"start":{"line":48,"column":46},"end":{"line":71,"column":1}},"line":48},"2":{"name":"getChannelAndMessages","decl":{"start":{"line":74,"column":22},"end":{"line":74,"column":43}},"loc":{"start":{"line":74,"column":54},"end":{"line":93,"column":1}},"line":74},"3":{"name":"banUser","decl":{"start":{"line":96,"column":22},"end":{"line":96,"column":29}},"loc":{"start":{"line":96,"column":40},"end":{"line":119,"column":1}},"line":96},"4":{"name":"uploadFile","decl":{"start":{"line":122,"column":22},"end":{"line":122,"column":32}},"loc":{"start":{"line":122,"column":43},"end":{"line":151,"column":1}},"line":122},"5":{"name":"getChannelDetails","decl":{"start":{"line":154,"column":22},"end":{"line":154,"column":39}},"loc":{"start":{"line":154,"column":50},"end":{"line":169,"column":1}},"line":154}},"branchMap":{"0":{"loc":{"start":{"line":12,"column":4},"end":{"line":14,"column":5}},"type":"if","locations":[{"start":{"line":12,"column":4},"end":{"line":14,"column":5}},{"start":{},"end":{}}],"line":12},"1":{"loc":{"start":{"line":12,"column":8},"end":{"line":12,"column":88}},"type":"binary-expr","locations":[{"start":{"line":12,"column":8},"end":{"line":12,"column":46}},{"start":{"line":12,"column":50},"end":{"line":12,"column":88}}],"line":12},"2":{"loc":{"start":{"line":18,"column":4},"end":{"line":20,"column":5}},"type":"if","locations":[{"start":{"line":18,"column":4},"end":{"line":20,"column":5}},{"start":{},"end":{}}],"line":18},"3":{"loc":{"start":{"line":18,"column":8},"end":{"line":18,"column":86}},"type":"binary-expr","locations":[{"start":{"line":18,"column":8},"end":{"line":18,"column":46}},{"start":{"line":18,"column":50},"end":{"line":18,"column":86}}],"line":18},"4":{"loc":{"start":{"line":52,"column":4},"end":{"line":54,"column":5}},"type":"if","locations":[{"start":{"line":52,"column":4},"end":{"line":54,"column":5}},{"start":{},"end":{}}],"line":52},"5":{"loc":{"start":{"line":52,"column":8},"end":{"line":52,"column":88}},"type":"binary-expr","locations":[{"start":{"line":52,"column":8},"end":{"line":52,"column":46}},{"start":{"line":52,"column":50},"end":{"line":52,"column":88}}],"line":52},"6":{"loc":{"start":{"line":58,"column":4},"end":{"line":60,"column":5}},"type":"if","locations":[{"start":{"line":58,"column":4},"end":{"line":60,"column":5}},{"start":{},"end":{}}],"line":58},"7":{"loc":{"start":{"line":58,"column":8},"end":{"line":58,"column":86}},"type":"binary-expr","locations":[{"start":{"line":58,"column":8},"end":{"line":58,"column":46}},{"start":{"line":58,"column":50},"end":{"line":58,"column":86}}],"line":58},"8":{"loc":{"start":{"line":80,"column":4},"end":{"line":82,"column":5}},"type":"if","locations":[{"start":{"line":80,"column":4},"end":{"line":82,"column":5}},{"start":{},"end":{}}],"line":80},"9":{"loc":{"start":{"line":84,"column":4},"end":{"line":86,"column":5}},"type":"if","locations":[{"start":{"line":84,"column":4},"end":{"line":86,"column":5}},{"start":{},"end":{}}],"line":84},"10":{"loc":{"start":{"line":102,"column":4},"end":{"line":104,"column":5}},"type":"if","locations":[{"start":{"line":102,"column":4},"end":{"line":104,"column":5}},{"start":{},"end":{}}],"line":102},"11":{"loc":{"start":{"line":106,"column":4},"end":{"line":108,"column":5}},"type":"if","locations":[{"start":{"line":106,"column":4},"end":{"line":108,"column":5}},{"start":{},"end":{}}],"line":106},"12":{"loc":{"start":{"line":106,"column":8},"end":{"line":106,"column":88}},"type":"binary-expr","locations":[{"start":{"line":106,"column":8},"end":{"line":106,"column":46}},{"start":{"line":106,"column":50},"end":{"line":106,"column":88}}],"line":106},"13":{"loc":{"start":{"line":132,"column":12},"end":{"line":132,"column":58}},"type":"cond-expr","locations":[{"start":{"line":132,"column":47},"end":{"line":132,"column":51}},{"start":{"line":132,"column":54},"end":{"line":132,"column":58}}],"line":132},"14":{"loc":{"start":{"line":133,"column":16},"end":{"line":133,"column":95}},"type":"cond-expr","locations":[{"start":{"line":133,"column":51},"end":{"line":133,"column":88}},{"start":{"line":133,"column":91},"end":{"line":133,"column":95}}],"line":133},"15":{"loc":{"start":{"line":160,"column":4},"end":{"line":162,"column":5}},"type":"if","locations":[{"start":{"line":160,"column":4},"end":{"line":162,"column":5}},{"start":{},"end":{}}],"line":160}},"s":{"0":1,"1":1,"2":1,"3":1,"4":0,"5":0,"6":0,"7":0,"8":0,"9":0,"10":0,"11":0,"12":0,"13":0,"14":0,"15":0,"16":0,"17":0,"18":0,"19":0,"20":0,"21":0,"22":0,"23":0,"24":0,"25":0,"26":0,"27":0,"28":0,"29":0,"30":0,"31":0,"32":0,"33":0,"34":0,"35":0,"36":0,"37":0,"38":0,"39":0,"40":0,"41":0,"42":0,"43":0,"44":0,"45":0,"46":0,"47":0,"48":0,"49":0,"50":0,"51":0,"52":0,"53":0,"54":0,"55":0,"56":0,"57":0,"58":0,"59":0,"60":0,"61":0,"62":0,"63":0,"64":0,"65":0},"f":{"0":1,"1":0,"2":0,"3":0,"4":0,"5":0},"b":{"0":[1,0],"1":[1,1],"2":[0,0],"3":[0,0],"4":[0,0],"5":[0,0],"6":[0,0],"7":[0,0],"8":[0,0],"9":[0,0],"10":[0,0],"11":[0,0],"12":[0,0],"13":[0,0],"14":[0,0],"15":[0,0]},"inputSourceMap":null,"_coverageSchema":"1a1c01bbd47fc00a2c39e90264f33305004495a9","hash":"e1bdbfe8c31314d7aa5806be0a36e3b9dfab0669"}
,"/Users/elijahdecalmer/Desktop/University/Software Frameworks/Assignment 1/PortalChatServer/src/controllers/groupController.js": {"path":"/Users/elijahdecalmer/Desktop/University/Software Frameworks/Assignment 1/PortalChatServer/src/controllers/groupController.js","statementMap":{"0":{"start":{"line":6,"column":42},"end":{"line":6,"column":50}},"1":{"start":{"line":8,"column":2},"end":{"line":37,"column":3}},"2":{"start":{"line":9,"column":4},"end":{"line":11,"column":5}},"3":{"start":{"line":10,"column":6},"end":{"line":10,"column":95}},"4":{"start":{"line":15,"column":18},"end":{"line":20,"column":6}},"5":{"start":{"line":23,"column":24},"end":{"line":23,"column":71}},"6":{"start":{"line":24,"column":4},"end":{"line":26,"column":5}},"7":{"start":{"line":25,"column":6},"end":{"line":25,"column":40}},"8":{"start":{"line":28,"column":4},"end":{"line":28,"column":23}},"9":{"start":{"line":30,"column":17},"end":{"line":30,"column":50}},"10":{"start":{"line":31,"column":4},"end":{"line":31,"column":32}},"11":{"start":{"line":32,"column":4},"end":{"line":32,"column":22}},"12":{"start":{"line":34,"column":4},"end":{"line":34,"column":90}},"13":{"start":{"line":36,"column":4},"end":{"line":36,"column":86}},"14":{"start":{"line":42,"column":2},"end":{"line":52,"column":3}},"15":{"start":{"line":43,"column":19},"end":{"line":43,"column":115}},"16":{"start":{"line":45,"column":4},"end":{"line":47,"column":5}},"17":{"start":{"line":46,"column":6},"end":{"line":46,"column":82}},"18":{"start":{"line":49,"column":4},"end":{"line":49,"column":94}},"19":{"start":{"line":51,"column":4},"end":{"line":51,"column":92}},"20":{"start":{"line":57,"column":2},"end":{"line":75,"column":3}},"21":{"start":{"line":58,"column":19},"end":{"line":66,"column":8}},"22":{"start":{"line":68,"column":4},"end":{"line":70,"column":5}},"23":{"start":{"line":69,"column":6},"end":{"line":69,"column":82}},"24":{"start":{"line":72,"column":4},"end":{"line":72,"column":98}},"25":{"start":{"line":74,"column":4},"end":{"line":74,"column":91}},"26":{"start":{"line":80,"column":22},"end":{"line":80,"column":30}},"27":{"start":{"line":82,"column":2},"end":{"line":92,"column":3}},"28":{"start":{"line":83,"column":18},"end":{"line":83,"column":100}},"29":{"start":{"line":85,"column":4},"end":{"line":87,"column":5}},"30":{"start":{"line":86,"column":6},"end":{"line":86,"column":82}},"31":{"start":{"line":89,"column":4},"end":{"line":89,"column":100}},"32":{"start":{"line":91,"column":4},"end":{"line":91,"column":94}},"33":{"start":{"line":97,"column":22},"end":{"line":97,"column":30}},"34":{"start":{"line":99,"column":2},"end":{"line":101,"column":3}},"35":{"start":{"line":100,"column":4},"end":{"line":100,"column":108}},"36":{"start":{"line":103,"column":2},"end":{"line":128,"column":3}},"37":{"start":{"line":104,"column":18},"end":{"line":104,"column":47}},"38":{"start":{"line":106,"column":4},"end":{"line":108,"column":5}},"39":{"start":{"line":107,"column":6},"end":{"line":107,"column":82}},"40":{"start":{"line":110,"column":4},"end":{"line":112,"column":5}},"41":{"start":{"line":111,"column":6},"end":{"line":111,"column":124}},"42":{"start":{"line":114,"column":4},"end":{"line":114,"column":28}},"43":{"start":{"line":117,"column":18},"end":{"line":117,"column":54}},"44":{"start":{"line":118,"column":4},"end":{"line":122,"column":5}},"45":{"start":{"line":119,"column":6},"end":{"line":119,"column":32}},"46":{"start":{"line":120,"column":6},"end":{"line":120,"column":39}},"47":{"start":{"line":121,"column":6},"end":{"line":121,"column":24}},"48":{"start":{"line":125,"column":4},"end":{"line":125,"column":83}},"49":{"start":{"line":127,"column":4},"end":{"line":127,"column":86}},"50":{"start":{"line":133,"column":22},"end":{"line":133,"column":30}},"51":{"start":{"line":135,"column":2},"end":{"line":161,"column":3}},"52":{"start":{"line":136,"column":18},"end":{"line":136,"column":47}},"53":{"start":{"line":138,"column":4},"end":{"line":140,"column":5}},"54":{"start":{"line":139,"column":6},"end":{"line":139,"column":82}},"55":{"start":{"line":142,"column":4},"end":{"line":144,"column":5}},"56":{"start":{"line":143,"column":6},"end":{"line":143,"column":97}},"57":{"start":{"line":146,"column":4},"end":{"line":148,"column":5}},"58":{"start":{"line":147,"column":6},"end":{"line":147,"column":94}},"59":{"start":{"line":150,"column":4},"end":{"line":150,"column":44}},"60":{"start":{"line":151,"column":4},"end":{"line":151,"column":23}},"61":{"start":{"line":154,"column":17},"end":{"line":154,"column":50}},"62":{"start":{"line":155,"column":4},"end":{"line":155,"column":37}},"63":{"start":{"line":156,"column":4},"end":{"line":156,"column":22}},"64":{"start":{"line":158,"column":4},"end":{"line":158,"column":89}},"65":{"start":{"line":160,"column":4},"end":{"line":160,"column":89}},"66":{"start":{"line":166,"column":30},"end":{"line":166,"column":38}},"67":{"start":{"line":168,"column":2},"end":{"line":196,"column":3}},"68":{"start":{"line":169,"column":4},"end":{"line":171,"column":5}},"69":{"start":{"line":170,"column":6},"end":{"line":170,"column":113}},"70":{"start":{"line":173,"column":18},"end":{"line":173,"column":47}},"71":{"start":{"line":175,"column":4},"end":{"line":177,"column":5}},"72":{"start":{"line":176,"column":6},"end":{"line":176,"column":82}},"73":{"start":{"line":179,"column":4},"end":{"line":181,"column":5}},"74":{"start":{"line":180,"column":6},"end":{"line":180,"column":127}},"75":{"start":{"line":183,"column":4},"end":{"line":183,"column":38}},"76":{"start":{"line":184,"column":4},"end":{"line":184,"column":31}},"77":{"start":{"line":185,"column":4},"end":{"line":185,"column":23}},"78":{"start":{"line":188,"column":17},"end":{"line":188,"column":44}},"79":{"start":{"line":189,"column":4},"end":{"line":189,"column":30}},"80":{"start":{"line":190,"column":4},"end":{"line":190,"column":37}},"81":{"start":{"line":191,"column":4},"end":{"line":191,"column":22}},"82":{"start":{"line":193,"column":4},"end":{"line":193,"column":89}},"83":{"start":{"line":195,"column":4},"end":{"line":195,"column":89}},"84":{"start":{"line":201,"column":30},"end":{"line":201,"column":38}},"85":{"start":{"line":203,"column":2},"end":{"line":230,"column":3}},"86":{"start":{"line":204,"column":4},"end":{"line":206,"column":5}},"87":{"start":{"line":205,"column":6},"end":{"line":205,"column":109}},"88":{"start":{"line":208,"column":18},"end":{"line":208,"column":47}},"89":{"start":{"line":210,"column":4},"end":{"line":212,"column":5}},"90":{"start":{"line":211,"column":6},"end":{"line":211,"column":82}},"91":{"start":{"line":214,"column":4},"end":{"line":216,"column":5}},"92":{"start":{"line":215,"column":6},"end":{"line":215,"column":123}},"93":{"start":{"line":218,"column":4},"end":{"line":218,"column":31}},"94":{"start":{"line":219,"column":4},"end":{"line":219,"column":38}},"95":{"start":{"line":220,"column":4},"end":{"line":220,"column":23}},"96":{"start":{"line":223,"column":17},"end":{"line":223,"column":44}},"97":{"start":{"line":224,"column":4},"end":{"line":224,"column":30}},"98":{"start":{"line":225,"column":4},"end":{"line":225,"column":22}},"99":{"start":{"line":227,"column":4},"end":{"line":227,"column":80}},"100":{"start":{"line":229,"column":4},"end":{"line":229,"column":85}},"101":{"start":{"line":236,"column":30},"end":{"line":236,"column":38}},"102":{"start":{"line":238,"column":2},"end":{"line":265,"column":3}},"103":{"start":{"line":239,"column":4},"end":{"line":241,"column":5}},"104":{"start":{"line":240,"column":6},"end":{"line":240,"column":112}},"105":{"start":{"line":243,"column":18},"end":{"line":243,"column":47}},"106":{"start":{"line":245,"column":4},"end":{"line":247,"column":5}},"107":{"start":{"line":246,"column":6},"end":{"line":246,"column":82}},"108":{"start":{"line":249,"column":4},"end":{"line":251,"column":5}},"109":{"start":{"line":250,"column":6},"end":{"line":250,"column":126}},"110":{"start":{"line":253,"column":4},"end":{"line":253,"column":38}},"111":{"start":{"line":254,"column":4},"end":{"line":254,"column":31}},"112":{"start":{"line":255,"column":4},"end":{"line":255,"column":23}},"113":{"start":{"line":258,"column":17},"end":{"line":258,"column":44}},"114":{"start":{"line":259,"column":4},"end":{"line":259,"column":37}},"115":{"start":{"line":260,"column":4},"end":{"line":260,"column":22}},"116":{"start":{"line":262,"column":4},"end":{"line":262,"column":78}},"117":{"start":{"line":264,"column":4},"end":{"line":264,"column":89}},"118":{"start":{"line":271,"column":22},"end":{"line":271,"column":30}},"119":{"start":{"line":273,"column":2},"end":{"line":301,"column":3}},"120":{"start":{"line":274,"column":18},"end":{"line":274,"column":47}},"121":{"start":{"line":276,"column":4},"end":{"line":278,"column":5}},"122":{"start":{"line":277,"column":6},"end":{"line":277,"column":82}},"123":{"start":{"line":280,"column":4},"end":{"line":282,"column":5}},"124":{"start":{"line":281,"column":6},"end":{"line":281,"column":93}},"125":{"start":{"line":284,"column":4},"end":{"line":284,"column":37}},"126":{"start":{"line":285,"column":4},"end":{"line":285,"column":44}},"127":{"start":{"line":287,"column":4},"end":{"line":287,"column":23}},"128":{"start":{"line":290,"column":17},"end":{"line":290,"column":50}},"129":{"start":{"line":292,"column":4},"end":{"line":292,"column":30}},"130":{"start":{"line":293,"column":4},"end":{"line":293,"column":37}},"131":{"start":{"line":295,"column":4},"end":{"line":295,"column":22}},"132":{"start":{"line":297,"column":4},"end":{"line":297,"column":80}},"133":{"start":{"line":300,"column":4},"end":{"line":300,"column":85}}},"fnMap":{"0":{"name":"createGroup","decl":{"start":{"line":5,"column":22},"end":{"line":5,"column":33}},"loc":{"start":{"line":5,"column":44},"end":{"line":38,"column":1}},"line":5},"1":{"name":"getMyGroups","decl":{"start":{"line":41,"column":22},"end":{"line":41,"column":33}},"loc":{"start":{"line":41,"column":44},"end":{"line":53,"column":1}},"line":41},"2":{"name":"getAllGroups","decl":{"start":{"line":56,"column":22},"end":{"line":56,"column":34}},"loc":{"start":{"line":56,"column":45},"end":{"line":76,"column":1}},"line":56},"3":{"name":"getGroupDetails","decl":{"start":{"line":79,"column":22},"end":{"line":79,"column":37}},"loc":{"start":{"line":79,"column":48},"end":{"line":93,"column":1}},"line":79},"4":{"name":"deleteGroup","decl":{"start":{"line":96,"column":22},"end":{"line":96,"column":33}},"loc":{"start":{"line":96,"column":44},"end":{"line":129,"column":1}},"line":96},"5":{"name":"requestAccess","decl":{"start":{"line":132,"column":22},"end":{"line":132,"column":35}},"loc":{"start":{"line":132,"column":46},"end":{"line":162,"column":1}},"line":132},"6":{"name":"approveRequest","decl":{"start":{"line":165,"column":22},"end":{"line":165,"column":36}},"loc":{"start":{"line":165,"column":47},"end":{"line":197,"column":1}},"line":165},"7":{"name":"removeUser","decl":{"start":{"line":200,"column":22},"end":{"line":200,"column":32}},"loc":{"start":{"line":200,"column":43},"end":{"line":231,"column":1}},"line":200},"8":{"name":"rejectAccess","decl":{"start":{"line":235,"column":22},"end":{"line":235,"column":34}},"loc":{"start":{"line":235,"column":45},"end":{"line":266,"column":1}},"line":235},"9":{"name":"leaveGroup","decl":{"start":{"line":270,"column":22},"end":{"line":270,"column":32}},"loc":{"start":{"line":270,"column":43},"end":{"line":302,"column":1}},"line":270}},"branchMap":{"0":{"loc":{"start":{"line":9,"column":4},"end":{"line":11,"column":5}},"type":"if","locations":[{"start":{"line":9,"column":4},"end":{"line":11,"column":5}},{"start":{},"end":{}}],"line":9},"1":{"loc":{"start":{"line":9,"column":8},"end":{"line":9,"column":88}},"type":"binary-expr","locations":[{"start":{"line":9,"column":8},"end":{"line":9,"column":46}},{"start":{"line":9,"column":50},"end":{"line":9,"column":88}}],"line":9},"2":{"loc":{"start":{"line":45,"column":4},"end":{"line":47,"column":5}},"type":"if","locations":[{"start":{"line":45,"column":4},"end":{"line":47,"column":5}},{"start":{},"end":{}}],"line":45},"3":{"loc":{"start":{"line":45,"column":8},"end":{"line":45,"column":38}},"type":"binary-expr","locations":[{"start":{"line":45,"column":8},"end":{"line":45,"column":15}},{"start":{"line":45,"column":19},"end":{"line":45,"column":38}}],"line":45},"4":{"loc":{"start":{"line":68,"column":4},"end":{"line":70,"column":5}},"type":"if","locations":[{"start":{"line":68,"column":4},"end":{"line":70,"column":5}},{"start":{},"end":{}}],"line":68},"5":{"loc":{"start":{"line":68,"column":8},"end":{"line":68,"column":38}},"type":"binary-expr","locations":[{"start":{"line":68,"column":8},"end":{"line":68,"column":15}},{"start":{"line":68,"column":19},"end":{"line":68,"column":38}}],"line":68},"6":{"loc":{"start":{"line":85,"column":4},"end":{"line":87,"column":5}},"type":"if","locations":[{"start":{"line":85,"column":4},"end":{"line":87,"column":5}},{"start":{},"end":{}}],"line":85},"7":{"loc":{"start":{"line":99,"column":2},"end":{"line":101,"column":3}},"type":"if","locations":[{"start":{"line":99,"column":2},"end":{"line":101,"column":3}},{"start":{},"end":{}}],"line":99},"8":{"loc":{"start":{"line":99,"column":6},"end":{"line":99,"column":86}},"type":"binary-expr","locations":[{"start":{"line":99,"column":6},"end":{"line":99,"column":44}},{"start":{"line":99,"column":48},"end":{"line":99,"column":86}}],"line":99},"9":{"loc":{"start":{"line":106,"column":4},"end":{"line":108,"column":5}},"type":"if","locations":[{"start":{"line":106,"column":4},"end":{"line":108,"column":5}},{"start":{},"end":{}}],"line":106},"10":{"loc":{"start":{"line":110,"column":4},"end":{"line":112,"column":5}},"type":"if","locations":[{"start":{"line":110,"column":4},"end":{"line":112,"column":5}},{"start":{},"end":{}}],"line":110},"11":{"loc":{"start":{"line":138,"column":4},"end":{"line":140,"column":5}},"type":"if","locations":[{"start":{"line":138,"column":4},"end":{"line":140,"column":5}},{"start":{},"end":{}}],"line":138},"12":{"loc":{"start":{"line":142,"column":4},"end":{"line":144,"column":5}},"type":"if","locations":[{"start":{"line":142,"column":4},"end":{"line":144,"column":5}},{"start":{},"end":{}}],"line":142},"13":{"loc":{"start":{"line":146,"column":4},"end":{"line":148,"column":5}},"type":"if","locations":[{"start":{"line":146,"column":4},"end":{"line":148,"column":5}},{"start":{},"end":{}}],"line":146},"14":{"loc":{"start":{"line":169,"column":4},"end":{"line":171,"column":5}},"type":"if","locations":[{"start":{"line":169,"column":4},"end":{"line":171,"column":5}},{"start":{},"end":{}}],"line":169},"15":{"loc":{"start":{"line":169,"column":8},"end":{"line":169,"column":88}},"type":"binary-expr","locations":[{"start":{"line":169,"column":8},"end":{"line":169,"column":46}},{"start":{"line":169,"column":50},"end":{"line":169,"column":88}}],"line":169},"16":{"loc":{"start":{"line":175,"column":4},"end":{"line":177,"column":5}},"type":"if","locations":[{"start":{"line":175,"column":4},"end":{"line":177,"column":5}},{"start":{},"end":{}}],"line":175},"17":{"loc":{"start":{"line":179,"column":4},"end":{"line":181,"column":5}},"type":"if","locations":[{"start":{"line":179,"column":4},"end":{"line":181,"column":5}},{"start":{},"end":{}}],"line":179},"18":{"loc":{"start":{"line":179,"column":8},"end":{"line":179,"column":86}},"type":"binary-expr","locations":[{"start":{"line":179,"column":8},"end":{"line":179,"column":46}},{"start":{"line":179,"column":50},"end":{"line":179,"column":86}}],"line":179},"19":{"loc":{"start":{"line":204,"column":4},"end":{"line":206,"column":5}},"type":"if","locations":[{"start":{"line":204,"column":4},"end":{"line":206,"column":5}},{"start":{},"end":{}}],"line":204},"20":{"loc":{"start":{"line":204,"column":8},"end":{"line":204,"column":88}},"type":"binary-expr","locations":[{"start":{"line":204,"column":8},"end":{"line":204,"column":46}},{"start":{"line":204,"column":50},"end":{"line":204,"column":88}}],"line":204},"21":{"loc":{"start":{"line":210,"column":4},"end":{"line":212,"column":5}},"type":"if","locations":[{"start":{"line":210,"column":4},"end":{"line":212,"column":5}},{"start":{},"end":{}}],"line":210},"22":{"loc":{"start":{"line":214,"column":4},"end":{"line":216,"column":5}},"type":"if","locations":[{"start":{"line":214,"column":4},"end":{"line":216,"column":5}},{"start":{},"end":{}}],"line":214},"23":{"loc":{"start":{"line":239,"column":4},"end":{"line":241,"column":5}},"type":"if","locations":[{"start":{"line":239,"column":4},"end":{"line":241,"column":5}},{"start":{},"end":{}}],"line":239},"24":{"loc":{"start":{"line":239,"column":8},"end":{"line":239,"column":88}},"type":"binary-expr","locations":[{"start":{"line":239,"column":8},"end":{"line":239,"column":46}},{"start":{"line":239,"column":50},"end":{"line":239,"column":88}}],"line":239},"25":{"loc":{"start":{"line":245,"column":4},"end":{"line":247,"column":5}},"type":"if","locations":[{"start":{"line":245,"column":4},"end":{"line":247,"column":5}},{"start":{},"end":{}}],"line":245},"26":{"loc":{"start":{"line":249,"column":4},"end":{"line":251,"column":5}},"type":"if","locations":[{"start":{"line":249,"column":4},"end":{"line":251,"column":5}},{"start":{},"end":{}}],"line":249},"27":{"loc":{"start":{"line":276,"column":4},"end":{"line":278,"column":5}},"type":"if","locations":[{"start":{"line":276,"column":4},"end":{"line":278,"column":5}},{"start":{},"end":{}}],"line":276},"28":{"loc":{"start":{"line":280,"column":4},"end":{"line":282,"column":5}},"type":"if","locations":[{"start":{"line":280,"column":4},"end":{"line":282,"column":5}},{"start":{},"end":{}}],"line":280},"29":{"loc":{"start":{"line":280,"column":8},"end":{"line":280,"column":87}},"type":"binary-expr","locations":[{"start":{"line":280,"column":8},"end":{"line":280,"column":45}},{"start":{"line":280,"column":49},"end":{"line":280,"column":87}}],"line":280}},"s":{"0":2,"1":2,"2":2,"3":2,"4":0,"5":0,"6":0,"7":0,"8":0,"9":0,"10":0,"11":0,"12":0,"13":0,"14":0,"15":0,"16":0,"17":0,"18":0,"19":0,"20":0,"21":0,"22":0,"23":0,"24":0,"25":0,"26":0,"27":0,"28":0,"29":0,"30":0,"31":0,"32":0,"33":0,"34":0,"35":0,"36":0,"37":0,"38":0,"39":0,"40":0,"41":0,"42":0,"43":0,"44":0,"45":0,"46":0,"47":0,"48":0,"49":0,"50":0,"51":0,"52":0,"53":0,"54":0,"55":0,"56":0,"57":0,"58":0,"59":0,"60":0,"61":0,"62":0,"63":0,"64":0,"65":0,"66":0,"67":0,"68":0,"69":0,"70":0,"71":0,"72":0,"73":0,"74":0,"75":0,"76":0,"77":0,"78":0,"79":0,"80":0,"81":0,"82":0,"83":0,"84":0,"85":0,"86":0,"87":0,"88":0,"89":0,"90":0,"91":0,"92":0,"93":0,"94":0,"95":0,"96":0,"97":0,"98":0,"99":0,"100":0,"101":0,"102":0,"103":0,"104":0,"105":0,"106":0,"107":0,"108":0,"109":0,"110":0,"111":0,"112":0,"113":0,"114":0,"115":0,"116":0,"117":0,"118":0,"119":0,"120":0,"121":0,"122":0,"123":0,"124":0,"125":0,"126":0,"127":0,"128":0,"129":0,"130":0,"131":0,"132":0,"133":0},"f":{"0":2,"1":0,"2":0,"3":0,"4":0,"5":0,"6":0,"7":0,"8":0,"9":0},"b":{"0":[2,0],"1":[2,2],"2":[0,0],"3":[0,0],"4":[0,0],"5":[0,0],"6":[0,0],"7":[0,0],"8":[0,0],"9":[0,0],"10":[0,0],"11":[0,0],"12":[0,0],"13":[0,0],"14":[0,0],"15":[0,0],"16":[0,0],"17":[0,0],"18":[0,0],"19":[0,0],"20":[0,0],"21":[0,0],"22":[0,0],"23":[0,0],"24":[0,0],"25":[0,0],"26":[0,0],"27":[0,0],"28":[0,0],"29":[0,0]},"inputSourceMap":null,"_coverageSchema":"1a1c01bbd47fc00a2c39e90264f33305004495a9","hash":"79b1aa6ca7698eb0006e515cb3def598f015dbf4"}
,"/Users/elijahdecalmer/Desktop/University/Software Frameworks/Assignment 1/PortalChatServer/src/controllers/userController.js": {"path":"/Users/elijahdecalmer/Desktop/University/Software Frameworks/Assignment 1/PortalChatServer/src/controllers/userController.js","statementMap":{"0":{"start":{"line":4,"column":2},"end":{"line":13,"column":3}},"1":{"start":{"line":5,"column":17},"end":{"line":5,"column":70}},"2":{"start":{"line":6,"column":4},"end":{"line":8,"column":5}},"3":{"start":{"line":7,"column":6},"end":{"line":7,"column":81}},"4":{"start":{"line":9,"column":4},"end":{"line":9,"column":98}},"5":{"start":{"line":11,"column":4},"end":{"line":11,"column":96}},"6":{"start":{"line":12,"column":4},"end":{"line":12,"column":55}},"7":{"start":{"line":19,"column":2},"end":{"line":34,"column":3}},"8":{"start":{"line":20,"column":17},"end":{"line":20,"column":50}},"9":{"start":{"line":22,"column":4},"end":{"line":24,"column":5}},"10":{"start":{"line":23,"column":6},"end":{"line":23,"column":81}},"11":{"start":{"line":26,"column":4},"end":{"line":26,"column":67}},"12":{"start":{"line":27,"column":4},"end":{"line":27,"column":22}},"13":{"start":{"line":30,"column":4},"end":{"line":30,"column":93}},"14":{"start":{"line":32,"column":4},"end":{"line":32,"column":68}},"15":{"start":{"line":33,"column":4},"end":{"line":33,"column":94}},"16":{"start":{"line":37,"column":29},"end":{"line":58,"column":1}},"17":{"start":{"line":38,"column":18},"end":{"line":38,"column":26}},"18":{"start":{"line":40,"column":2},"end":{"line":57,"column":3}},"19":{"start":{"line":41,"column":17},"end":{"line":41,"column":50}},"20":{"start":{"line":42,"column":4},"end":{"line":44,"column":5}},"21":{"start":{"line":43,"column":6},"end":{"line":43,"column":81}},"22":{"start":{"line":46,"column":4},"end":{"line":46,"column":19}},"23":{"start":{"line":47,"column":4},"end":{"line":47,"column":22}},"24":{"start":{"line":49,"column":4},"end":{"line":53,"column":7}},"25":{"start":{"line":55,"column":4},"end":{"line":55,"column":92}},"26":{"start":{"line":56,"column":4},"end":{"line":56,"column":46}},"27":{"start":{"line":60,"column":26},"end":{"line":73,"column":1}},"28":{"start":{"line":61,"column":2},"end":{"line":72,"column":3}},"29":{"start":{"line":62,"column":17},"end":{"line":62,"column":50}},"30":{"start":{"line":63,"column":4},"end":{"line":65,"column":5}},"31":{"start":{"line":64,"column":6},"end":{"line":64,"column":81}},"32":{"start":{"line":67,"column":4},"end":{"line":67,"column":24}},"33":{"start":{"line":68,"column":4},"end":{"line":68,"column":82}},"34":{"start":{"line":70,"column":4},"end":{"line":70,"column":93}},"35":{"start":{"line":71,"column":4},"end":{"line":71,"column":47}}},"fnMap":{"0":{"name":"getUserProfile","decl":{"start":{"line":3,"column":22},"end":{"line":3,"column":36}},"loc":{"start":{"line":3,"column":47},"end":{"line":14,"column":1}},"line":3},"1":{"name":"updateUserAvatar","decl":{"start":{"line":18,"column":22},"end":{"line":18,"column":38}},"loc":{"start":{"line":18,"column":49},"end":{"line":35,"column":1}},"line":18},"2":{"name":"(anonymous_2)","decl":{"start":{"line":37,"column":29},"end":{"line":37,"column":30}},"loc":{"start":{"line":37,"column":49},"end":{"line":58,"column":1}},"line":37},"3":{"name":"(anonymous_3)","decl":{"start":{"line":60,"column":26},"end":{"line":60,"column":27}},"loc":{"start":{"line":60,"column":46},"end":{"line":73,"column":1}},"line":60}},"branchMap":{"0":{"loc":{"start":{"line":6,"column":4},"end":{"line":8,"column":5}},"type":"if","locations":[{"start":{"line":6,"column":4},"end":{"line":8,"column":5}},{"start":{},"end":{}}],"line":6},"1":{"loc":{"start":{"line":22,"column":4},"end":{"line":24,"column":5}},"type":"if","locations":[{"start":{"line":22,"column":4},"end":{"line":24,"column":5}},{"start":{},"end":{}}],"line":22},"2":{"loc":{"start":{"line":42,"column":4},"end":{"line":44,"column":5}},"type":"if","locations":[{"start":{"line":42,"column":4},"end":{"line":44,"column":5}},{"start":{},"end":{}}],"line":42},"3":{"loc":{"start":{"line":63,"column":4},"end":{"line":65,"column":5}},"type":"if","locations":[{"start":{"line":63,"column":4},"end":{"line":65,"column":5}},{"start":{},"end":{}}],"line":63}},"s":{"0":0,"1":0,"2":0,"3":0,"4":0,"5":0,"6":0,"7":0,"8":0,"9":0,"10":0,"11":0,"12":0,"13":0,"14":0,"15":0,"16":5,"17":0,"18":0,"19":0,"20":0,"21":0,"22":0,"23":0,"24":0,"25":0,"26":0,"27":5,"28":0,"29":0,"30":0,"31":0,"32":0,"33":0,"34":0,"35":0},"f":{"0":0,"1":0,"2":0,"3":0},"b":{"0":[0,0],"1":[0,0],"2":[0,0],"3":[0,0]},"inputSourceMap":null,"_coverageSchema":"1a1c01bbd47fc00a2c39e90264f33305004495a9","hash":"f725db7c2c444685eaced2a5a69de0a22075f2fc"}
,"/Users/elijahdecalmer/Desktop/University/Software Frameworks/Assignment 1/PortalChatServer/src/middlewares/tokenAuthMiddleware.js": {"path":"/Users/elijahdecalmer/Desktop/University/Software Frameworks/Assignment 1/PortalChatServer/src/middlewares/tokenAuthMiddleware.js","statementMap":{"0":{"start":{"line":8,"column":18},"end":{"line":29,"column":1}},"1":{"start":{"line":9,"column":14},"end":{"line":9,"column":41}},"2":{"start":{"line":11,"column":2},"end":{"line":13,"column":3}},"3":{"start":{"line":12,"column":4},"end":{"line":12,"column":41}},"4":{"start":{"line":14,"column":2},"end":{"line":16,"column":3}},"5":{"start":{"line":15,"column":4},"end":{"line":15,"column":79}},"6":{"start":{"line":18,"column":2},"end":{"line":28,"column":3}},"7":{"start":{"line":19,"column":17},"end":{"line":19,"column":46}},"8":{"start":{"line":20,"column":4},"end":{"line":22,"column":5}},"9":{"start":{"line":21,"column":6},"end":{"line":21,"column":80}},"10":{"start":{"line":24,"column":4},"end":{"line":24,"column":20}},"11":{"start":{"line":25,"column":4},"end":{"line":25,"column":11}},"12":{"start":{"line":27,"column":4},"end":{"line":27,"column":120}}},"fnMap":{"0":{"name":"(anonymous_0)","decl":{"start":{"line":8,"column":18},"end":{"line":8,"column":19}},"loc":{"start":{"line":8,"column":44},"end":{"line":29,"column":1}},"line":8}},"branchMap":{"0":{"loc":{"start":{"line":11,"column":2},"end":{"line":13,"column":3}},"type":"if","locations":[{"start":{"line":11,"column":2},"end":{"line":13,"column":3}},{"start":{},"end":{}}],"line":11},"1":{"loc":{"start":{"line":11,"column":6},"end":{"line":11,"column":42}},"type":"binary-expr","locations":[{"start":{"line":11,"column":6},"end":{"line":11,"column":11}},{"start":{"line":11,"column":15},"end":{"line":11,"column":42}}],"line":11},"2":{"loc":{"start":{"line":14,"column":2},"end":{"line":16,"column":3}},"type":"if","locations":[{"start":{"line":14,"column":2},"end":{"line":16,"column":3}},{"start":{},"end":{}}],"line":14},"3":{"loc":{"start":{"line":20,"column":4},"end":{"line":22,"column":5}},"type":"if","locations":[{"start":{"line":20,"column":4},"end":{"line":22,"column":5}},{"start":{},"end":{}}],"line":20}},"s":{"0":5,"1":12,"2":12,"3":11,"4":12,"5":1,"6":11,"7":11,"8":11,"9":4,"10":7,"11":7,"12":0},"f":{"0":12},"b":{"0":[11,1],"1":[12,11],"2":[1,11],"3":[4,7]},"inputSourceMap":null,"_coverageSchema":"1a1c01bbd47fc00a2c39e90264f33305004495a9","hash":"96c05db2838f0aa8710ddd03e7dc6b82f6317395"}
,"/Users/elijahdecalmer/Desktop/University/Software Frameworks/Assignment 1/PortalChatServer/src/models/Channel.js": {"path":"/Users/elijahdecalmer/Desktop/University/Software Frameworks/Assignment 1/PortalChatServer/src/models/Channel.js","statementMap":{"0":{"start":{"line":4,"column":22},"end":{"line":10,"column":2}},"1":{"start":{"line":11,"column":16},"end":{"line":11,"column":47}}},"fnMap":{},"branchMap":{},"s":{"0":5,"1":5},"f":{},"b":{},"inputSourceMap":null,"_coverageSchema":"1a1c01bbd47fc00a2c39e90264f33305004495a9","hash":"1576546f8b2d1e5cae0cd1e35210294bb4866c81"}
,"/Users/elijahdecalmer/Desktop/University/Software Frameworks/Assignment 1/PortalChatServer/src/models/Group.js": {"path":"/Users/elijahdecalmer/Desktop/University/Software Frameworks/Assignment 1/PortalChatServer/src/models/Group.js","statementMap":{"0":{"start":{"line":4,"column":20},"end":{"line":11,"column":2}},"1":{"start":{"line":13,"column":14},"end":{"line":13,"column":41}}},"fnMap":{},"branchMap":{},"s":{"0":5,"1":5},"f":{},"b":{},"inputSourceMap":null,"_coverageSchema":"1a1c01bbd47fc00a2c39e90264f33305004495a9","hash":"26d0ded04436ee5bd82c8fb0ef808840407f8833"}
,"/Users/elijahdecalmer/Desktop/University/Software Frameworks/Assignment 1/PortalChatServer/src/models/Message.js": {"path":"/Users/elijahdecalmer/Desktop/University/Software Frameworks/Assignment 1/PortalChatServer/src/models/Message.js","statementMap":{"0":{"start":{"line":4,"column":20},"end":{"line":9,"column":1}},"1":{"start":{"line":12,"column":22},"end":{"line":23,"column":2}},"2":{"start":{"line":25,"column":16},"end":{"line":25,"column":47}}},"fnMap":{},"branchMap":{},"s":{"0":5,"1":5,"2":5},"f":{},"b":{},"inputSourceMap":null,"_coverageSchema":"1a1c01bbd47fc00a2c39e90264f33305004495a9","hash":"5b75a30028a22094ef8435198fc4b9377537da8c"}
,"/Users/elijahdecalmer/Desktop/University/Software Frameworks/Assignment 1/PortalChatServer/src/models/Report.js": {"path":"/Users/elijahdecalmer/Desktop/University/Software Frameworks/Assignment 1/PortalChatServer/src/models/Report.js","statementMap":{"0":{"start":{"line":4,"column":21},"end":{"line":7,"column":2}},"1":{"start":{"line":9,"column":15},"end":{"line":9,"column":44}}},"fnMap":{},"branchMap":{},"s":{"0":5,"1":5},"f":{},"b":{},"inputSourceMap":null,"_coverageSchema":"1a1c01bbd47fc00a2c39e90264f33305004495a9","hash":"24bea03245e2b1d2d7e00fd9c2c8bc0ac1e01d82"}
,"/Users/elijahdecalmer/Desktop/University/Software Frameworks/Assignment 1/PortalChatServer/src/models/User.js": {"path":"/Users/elijahdecalmer/Desktop/University/Software Frameworks/Assignment 1/PortalChatServer/src/models/User.js","statementMap":{"0":{"start":{"line":5,"column":17},"end":{"line":9,"column":1}},"1":{"start":{"line":10,"column":0},"end":{"line":10,"column":24}},"2":{"start":{"line":13,"column":19},"end":{"line":29,"column":2}},"3":{"start":{"line":32,"column":0},"end":{"line":37,"column":3}},"4":{"start":{"line":33,"column":2},"end":{"line":35,"column":3}},"5":{"start":{"line":34,"column":4},"end":{"line":34,"column":49}},"6":{"start":{"line":36,"column":2},"end":{"line":36,"column":9}},"7":{"start":{"line":39,"column":13},"end":{"line":39,"column":38}}},"fnMap":{"0":{"name":"(anonymous_0)","decl":{"start":{"line":32,"column":23},"end":{"line":32,"column":24}},"loc":{"start":{"line":32,"column":38},"end":{"line":37,"column":1}},"line":32}},"branchMap":{"0":{"loc":{"start":{"line":33,"column":2},"end":{"line":35,"column":3}},"type":"if","locations":[{"start":{"line":33,"column":2},"end":{"line":35,"column":3}},{"start":{},"end":{}}],"line":33}},"s":{"0":5,"1":5,"2":5,"3":5,"4":18,"5":18,"6":18,"7":5},"f":{"0":18},"b":{"0":[18,0]},"inputSourceMap":null,"_coverageSchema":"1a1c01bbd47fc00a2c39e90264f33305004495a9","hash":"666ae838755342ebce4b53c9b044e69ef6a7308b"}
,"/Users/elijahdecalmer/Desktop/University/Software Frameworks/Assignment 1/PortalChatServer/src/routes/adminRoutes.js": {"path":"/Users/elijahdecalmer/Desktop/University/Software Frameworks/Assignment 1/PortalChatServer/src/routes/adminRoutes.js","statementMap":{"0":{"start":{"line":4,"column":15},"end":{"line":4,"column":23}},"1":{"start":{"line":7,"column":0},"end":{"line":7,"column":68}},"2":{"start":{"line":10,"column":0},"end":{"line":10,"column":68}},"3":{"start":{"line":13,"column":0},"end":{"line":13,"column":53}},"4":{"start":{"line":16,"column":0},"end":{"line":16,"column":49}},"5":{"start":{"line":19,"column":0},"end":{"line":19,"column":50}},"6":{"start":{"line":22,"column":0},"end":{"line":22,"column":49}}},"fnMap":{},"branchMap":{},"s":{"0":5,"1":5,"2":5,"3":5,"4":5,"5":5,"6":5},"f":{},"b":{},"inputSourceMap":null,"_coverageSchema":"1a1c01bbd47fc00a2c39e90264f33305004495a9","hash":"37f658de559dfd90bcc724817fd10dab53334ef7"}
,"/Users/elijahdecalmer/Desktop/University/Software Frameworks/Assignment 1/PortalChatServer/src/routes/authRoutes.js": {"path":"/Users/elijahdecalmer/Desktop/University/Software Frameworks/Assignment 1/PortalChatServer/src/routes/authRoutes.js","statementMap":{"0":{"start":{"line":4,"column":15},"end":{"line":4,"column":23}},"1":{"start":{"line":6,"column":0},"end":{"line":6,"column":35}},"2":{"start":{"line":7,"column":0},"end":{"line":7,"column":29}},"3":{"start":{"line":8,"column":0},"end":{"line":8,"column":56}},"4":{"start":{"line":9,"column":0},"end":{"line":9,"column":52}}},"fnMap":{},"branchMap":{},"s":{"0":5,"1":5,"2":5,"3":5,"4":5},"f":{},"b":{},"inputSourceMap":null,"_coverageSchema":"1a1c01bbd47fc00a2c39e90264f33305004495a9","hash":"e97795f72f662adab52e94c8d781c4b77fdf68f7"}
,"/Users/elijahdecalmer/Desktop/University/Software Frameworks/Assignment 1/PortalChatServer/src/routes/channelRoutes.js": {"path":"/Users/elijahdecalmer/Desktop/University/Software Frameworks/Assignment 1/PortalChatServer/src/routes/channelRoutes.js","statementMap":{"0":{"start":{"line":6,"column":15},"end":{"line":6,"column":23}},"1":{"start":{"line":9,"column":0},"end":{"line":9,"column":56}},"2":{"start":{"line":12,"column":0},"end":{"line":12,"column":56}},"3":{"start":{"line":15,"column":0},"end":{"line":15,"column":44}},"4":{"start":{"line":18,"column":0},"end":{"line":18,"column":73}},"5":{"start":{"line":21,"column":0},"end":{"line":21,"column":54}}},"fnMap":{},"branchMap":{},"s":{"0":5,"1":5,"2":5,"3":5,"4":5,"5":5},"f":{},"b":{},"inputSourceMap":null,"_coverageSchema":"1a1c01bbd47fc00a2c39e90264f33305004495a9","hash":"5675efa747e5f5530a3254c04f73249d7f22b6b6"}
,"/Users/elijahdecalmer/Desktop/University/Software Frameworks/Assignment 1/PortalChatServer/src/routes/groupRoutes.js": {"path":"/Users/elijahdecalmer/Desktop/University/Software Frameworks/Assignment 1/PortalChatServer/src/routes/groupRoutes.js","statementMap":{"0":{"start":{"line":4,"column":15},"end":{"line":4,"column":23}},"1":{"start":{"line":7,"column":0},"end":{"line":7,"column":52}},"2":{"start":{"line":10,"column":0},"end":{"line":10,"column":49}},"3":{"start":{"line":13,"column":0},"end":{"line":13,"column":45}},"4":{"start":{"line":16,"column":0},"end":{"line":16,"column":52}},"5":{"start":{"line":19,"column":0},"end":{"line":19,"column":52}},"6":{"start":{"line":22,"column":0},"end":{"line":22,"column":56}},"7":{"start":{"line":25,"column":0},"end":{"line":25,"column":56}},"8":{"start":{"line":28,"column":0},"end":{"line":28,"column":50}},"9":{"start":{"line":31,"column":0},"end":{"line":31,"column":54}},"10":{"start":{"line":34,"column":0},"end":{"line":34,"column":50}}},"fnMap":{},"branchMap":{},"s":{"0":5,"1":5,"2":5,"3":5,"4":5,"5":5,"6":5,"7":5,"8":5,"9":5,"10":5},"f":{},"b":{},"inputSourceMap":null,"_coverageSchema":"1a1c01bbd47fc00a2c39e90264f33305004495a9","hash":"7015eaec6a4348aab08331147577981ca73a751a"}
,"/Users/elijahdecalmer/Desktop/University/Software Frameworks/Assignment 1/PortalChatServer/src/routes/userRoutes.js": {"path":"/Users/elijahdecalmer/Desktop/University/Software Frameworks/Assignment 1/PortalChatServer/src/routes/userRoutes.js","statementMap":{"0":{"start":{"line":4,"column":15},"end":{"line":4,"column":23}},"1":{"start":{"line":9,"column":0},"end":{"line":9,"column":51}},"2":{"start":{"line":12,"column":0},"end":{"line":12,"column":81}},"3":{"start":{"line":15,"column":0},"end":{"line":15,"column":46}},"4":{"start":{"line":19,"column":0},"end":{"line":19,"column":46}}},"fnMap":{},"branchMap":{},"s":{"0":5,"1":5,"2":5,"3":5,"4":5},"f":{},"b":{},"inputSourceMap":null,"_coverageSchema":"1a1c01bbd47fc00a2c39e90264f33305004495a9","hash":"bfaa1456ff99ae1e51df3863f9e3bca6271abcc1"}
,"/Users/elijahdecalmer/Desktop/University/Software Frameworks/Assignment 1/PortalChatServer/tests/setup.js": {"path":"/Users/elijahdecalmer/Desktop/University/Software Frameworks/Assignment 1/PortalChatServer/tests/setup.js","statementMap":{"0":{"start":{"line":1,"column":0},"end":{"line":1,"column":30}},"1":{"start":{"line":9,"column":23},"end":{"line":16,"column":1}},"2":{"start":{"line":10,"column":2},"end":{"line":10,"column":49}},"3":{"start":{"line":11,"column":14},"end":{"line":11,"column":34}},"4":{"start":{"line":12,"column":2},"end":{"line":15,"column":5}},"5":{"start":{"line":18,"column":29},"end":{"line":22,"column":1}},"6":{"start":{"line":19,"column":2},"end":{"line":19,"column":43}},"7":{"start":{"line":20,"column":2},"end":{"line":20,"column":36}},"8":{"start":{"line":21,"column":2},"end":{"line":21,"column":27}},"9":{"start":{"line":24,"column":29},"end":{"line":30,"column":1}},"10":{"start":{"line":25,"column":22},"end":{"line":25,"column":53}},"11":{"start":{"line":26,"column":2},"end":{"line":29,"column":3}},"12":{"start":{"line":27,"column":23},"end":{"line":27,"column":39}},"13":{"start":{"line":28,"column":4},"end":{"line":28,"column":36}}},"fnMap":{"0":{"name":"(anonymous_0)","decl":{"start":{"line":9,"column":23},"end":{"line":9,"column":24}},"loc":{"start":{"line":9,"column":35},"end":{"line":16,"column":1}},"line":9},"1":{"name":"(anonymous_1)","decl":{"start":{"line":18,"column":29},"end":{"line":18,"column":30}},"loc":{"start":{"line":18,"column":41},"end":{"line":22,"column":1}},"line":18},"2":{"name":"(anonymous_2)","decl":{"start":{"line":24,"column":29},"end":{"line":24,"column":30}},"loc":{"start":{"line":24,"column":41},"end":{"line":30,"column":1}},"line":24}},"branchMap":{},"s":{"0":5,"1":5,"2":5,"3":5,"4":5,"5":5,"6":5,"7":5,"8":5,"9":5,"10":19,"11":19,"12":95,"13":95},"f":{"0":5,"1":5,"2":19},"b":{},"inputSourceMap":null,"_coverageSchema":"1a1c01bbd47fc00a2c39e90264f33305004495a9","hash":"98fd9d7b8eec29bb3257d7c34e7c8183022df5fa"}
}
