TN:
SF:src/server.js
FN:72,(anonymous_0)
FNF:1
FNH:0
FNDA:0,(anonymous_0)
DA:17,5
DA:18,5
DA:19,5
DA:20,5
DA:24,5
DA:27,5
DA:30,5
DA:38,5
DA:42,5
DA:45,5
DA:52,5
DA:56,5
DA:57,5
DA:58,5
DA:59,5
DA:60,5
DA:63,5
DA:64,5
DA:65,5
DA:68,5
DA:71,5
DA:72,0
DA:73,0
LF:23
LH:21
BRDA:18,0,0,5
BRDA:18,0,1,5
BRDA:71,1,0,0
BRDA:71,1,1,5
BRF:4
BRH:3
end_of_record
TN:
SF:src/sockets.js
FN:4,initializeSockets
FN:5,(anonymous_1)
FN:9,(anonymous_2)
FN:18,(anonymous_3)
FN:44,(anonymous_4)
FN:75,(anonymous_5)
FNF:6
FNH:1
FNDA:5,initializeSockets
FNDA:0,(anonymous_1)
FNDA:0,(anonymous_2)
FNDA:0,(anonymous_3)
FNDA:0,(anonymous_4)
FNDA:0,(anonymous_5)
DA:5,5
DA:6,0
DA:9,0
DA:12,0
DA:18,0
DA:19,0
DA:20,0
DA:23,0
DA:24,0
DA:28,0
DA:29,0
DA:32,0
DA:36,0
DA:38,0
DA:39,0
DA:44,0
DA:45,0
DA:47,0
DA:48,0
DA:51,0
DA:59,0
DA:62,0
DA:63,0
DA:65,0
DA:67,0
DA:69,0
DA:70,0
DA:75,0
DA:76,0
LF:29
LH:1
BRDA:23,0,0,0
BRDA:23,0,1,0
BRDA:48,1,0,0
BRDA:48,1,1,0
BRDA:54,2,0,0
BRDA:54,2,1,0
BRDA:55,3,0,0
BRDA:55,3,1,0
BRF:8
BRH:0
end_of_record
TN:
SF:src/config/db.js
FN:3,(anonymous_0)
FNF:1
FNH:1
FNDA:5,(anonymous_0)
DA:3,5
DA:4,5
DA:5,0
DA:6,0
DA:7,0
LF:5
LH:2
BRDA:4,0,0,0
BRDA:4,0,1,5
BRDA:5,1,0,0
BRDA:5,1,1,0
BRDA:6,2,0,0
BRDA:6,2,1,0
BRF:6
BRH:1
end_of_record
TN:
SF:src/config/multerConfig.js
FN:11,(anonymous_0)
FN:14,(anonymous_1)
FNF:2
FNH:0
FNDA:0,(anonymous_0)
FNDA:0,(anonymous_1)
DA:6,5
DA:7,5
DA:10,5
DA:12,0
DA:15,0
DA:16,0
DA:20,5
LF:7
LH:4
BRF:0
BRH:0
end_of_record
TN:
SF:src/controllers/adminController.js
FN:7,promoteToGroupAdmin
FN:26,promoteToSuperAdmin
FN:45,deleteAccount
FN:61,getAllUsers
FN:74,reportUser
FN:108,getMyGroups
FNF:6
FNH:3
FNDA:1,promoteToGroupAdmin
FNDA:1,promoteToSuperAdmin
FNDA:0,deleteAccount
FNDA:0,getAllUsers
FNDA:1,reportUser
FNDA:0,getMyGroups
DA:8,1
DA:9,1
DA:10,1
DA:12,0
DA:13,0
DA:15,0
DA:16,0
DA:18,0
DA:20,0
DA:27,1
DA:28,1
DA:29,1
DA:31,0
DA:32,0
DA:34,0
DA:35,0
DA:37,0
DA:39,0
DA:40,0
DA:46,0
DA:47,0
DA:48,0
DA:49,0
DA:51,0
DA:53,0
DA:56,0
DA:62,0
DA:63,0
DA:64,0
DA:66,0
DA:67,0
DA:69,0
DA:75,1
DA:77,1
DA:78,1
DA:79,1
DA:80,0
DA:83,1
DA:84,1
DA:88,0
DA:93,0
DA:96,0
DA:98,0
DA:100,0
DA:102,0
DA:109,0
DA:113,0
DA:114,0
DA:124,0
DA:125,0
DA:135,0
DA:138,0
DA:139,0
DA:142,0
DA:144,0
LF:55
LH:12
BRDA:10,0,0,1
BRDA:10,0,1,0
BRDA:13,1,0,0
BRDA:13,1,1,0
BRDA:29,2,0,1
BRDA:29,2,1,0
BRDA:32,3,0,0
BRDA:32,3,1,0
BRDA:49,4,0,0
BRDA:49,4,1,0
BRDA:51,5,0,0
BRDA:51,5,1,0
BRDA:63,6,0,0
BRDA:63,6,1,0
BRDA:79,7,0,0
BRDA:79,7,1,1
BRDA:83,8,0,1
BRDA:83,8,1,0
BRDA:83,9,0,1
BRDA:83,9,1,1
BRDA:113,10,0,0
BRDA:113,10,1,0
BRDA:124,11,0,0
BRDA:124,11,1,0
BRDA:138,12,0,0
BRDA:138,12,1,0
BRDA:138,13,0,0
BRDA:138,13,1,0
BRF:28
BRH:6
end_of_record
TN:
SF:src/controllers/authController.js
FN:3,register
FN:20,login
FN:41,deleteAccount
FN:52,(anonymous_3)
FNF:4
FNH:3
FNDA:18,register
FNDA:2,login
FNDA:1,deleteAccount
FNDA:0,(anonymous_3)
DA:4,18
DA:5,18
DA:6,18
DA:7,18
DA:8,18
DA:9,18
DA:11,18
DA:12,18
DA:13,18
DA:15,0
DA:21,2
DA:22,2
DA:23,2
DA:24,2
DA:26,2
DA:27,1
DA:31,1
DA:32,1
DA:34,1
DA:36,0
DA:42,1
DA:43,1
DA:44,1
DA:45,1
DA:48,0
DA:52,5
DA:53,0
DA:54,0
DA:55,0
DA:56,0
DA:58,0
DA:60,0
DA:61,0
LF:33
LH:23
BRDA:7,0,0,11
BRDA:7,0,1,7
BRDA:24,1,0,0
BRDA:24,1,1,2
BRDA:26,2,0,1
BRDA:26,2,1,1
BRDA:44,3,0,0
BRDA:44,3,1,1
BRDA:55,4,0,0
BRDA:55,4,1,0
BRF:10
BRH:6
end_of_record
TN:
SF:src/controllers/channelController.js
FN:8,createChannel
FN:48,deleteChannel
FN:74,getChannelAndMessages
FN:96,banUser
FN:122,uploadFile
FN:154,getChannelDetails
FNF:6
FNH:1
FNDA:1,createChannel
FNDA:0,deleteChannel
FNDA:0,getChannelAndMessages
FNDA:0,banUser
FNDA:0,uploadFile
FNDA:0,getChannelDetails
DA:9,1
DA:11,1
DA:12,1
DA:13,1
DA:16,0
DA:18,0
DA:19,0
DA:23,0
DA:29,0
DA:32,0
DA:34,0
DA:37,0
DA:39,0
DA:41,0
DA:42,0
DA:49,0
DA:51,0
DA:52,0
DA:53,0
DA:56,0
DA:58,0
DA:59,0
DA:62,0
DA:64,0
DA:66,0
DA:68,0
DA:69,0
DA:75,0
DA:77,0
DA:78,0
DA:80,0
DA:81,0
DA:84,0
DA:85,0
DA:88,0
DA:90,0
DA:91,0
DA:97,0
DA:99,0
DA:100,0
DA:102,0
DA:103,0
DA:106,0
DA:107,0
DA:110,0
DA:112,0
DA:114,0
DA:116,0
DA:117,0
DA:123,0
DA:125,0
DA:126,0
DA:129,0
DA:138,0
DA:140,0
DA:143,0
DA:146,0
DA:148,0
DA:149,0
DA:155,0
DA:157,0
DA:158,0
DA:160,0
DA:161,0
DA:164,0
DA:167,0
LF:66
LH:4
BRDA:12,0,0,1
BRDA:12,0,1,0
BRDA:12,1,0,1
BRDA:12,1,1,1
BRDA:18,2,0,0
BRDA:18,2,1,0
BRDA:18,3,0,0
BRDA:18,3,1,0
BRDA:52,4,0,0
BRDA:52,4,1,0
BRDA:52,5,0,0
BRDA:52,5,1,0
BRDA:58,6,0,0
BRDA:58,6,1,0
BRDA:58,7,0,0
BRDA:58,7,1,0
BRDA:80,8,0,0
BRDA:80,8,1,0
BRDA:84,9,0,0
BRDA:84,9,1,0
BRDA:102,10,0,0
BRDA:102,10,1,0
BRDA:106,11,0,0
BRDA:106,11,1,0
BRDA:106,12,0,0
BRDA:106,12,1,0
BRDA:132,13,0,0
BRDA:132,13,1,0
BRDA:133,14,0,0
BRDA:133,14,1,0
BRDA:160,15,0,0
BRDA:160,15,1,0
BRF:32
BRH:3
end_of_record
TN:
SF:src/controllers/groupController.js
FN:5,createGroup
FN:41,getMyGroups
FN:56,getAllGroups
FN:79,getGroupDetails
FN:96,deleteGroup
FN:132,requestAccess
FN:165,approveRequest
FN:200,removeUser
FN:235,rejectAccess
FN:270,leaveGroup
FNF:10
FNH:1
FNDA:2,createGroup
FNDA:0,getMyGroups
FNDA:0,getAllGroups
FNDA:0,getGroupDetails
FNDA:0,deleteGroup
FNDA:0,requestAccess
FNDA:0,approveRequest
FNDA:0,removeUser
FNDA:0,rejectAccess
FNDA:0,leaveGroup
DA:6,2
DA:8,2
DA:9,2
DA:10,2
DA:15,0
DA:23,0
DA:24,0
DA:25,0
DA:28,0
DA:30,0
DA:31,0
DA:32,0
DA:34,0
DA:36,0
DA:42,0
DA:43,0
DA:45,0
DA:46,0
DA:49,0
DA:51,0
DA:57,0
DA:58,0
DA:68,0
DA:69,0
DA:72,0
DA:74,0
DA:80,0
DA:82,0
DA:83,0
DA:85,0
DA:86,0
DA:89,0
DA:91,0
DA:97,0
DA:99,0
DA:100,0
DA:103,0
DA:104,0
DA:106,0
DA:107,0
DA:110,0
DA:111,0
DA:114,0
DA:117,0
DA:118,0
DA:119,0
DA:120,0
DA:121,0
DA:125,0
DA:127,0
DA:133,0
DA:135,0
DA:136,0
DA:138,0
DA:139,0
DA:142,0
DA:143,0
DA:146,0
DA:147,0
DA:150,0
DA:151,0
DA:154,0
DA:155,0
DA:156,0
DA:158,0
DA:160,0
DA:166,0
DA:168,0
DA:169,0
DA:170,0
DA:173,0
DA:175,0
DA:176,0
DA:179,0
DA:180,0
DA:183,0
DA:184,0
DA:185,0
DA:188,0
DA:189,0
DA:190,0
DA:191,0
DA:193,0
DA:195,0
DA:201,0
DA:203,0
DA:204,0
DA:205,0
DA:208,0
DA:210,0
DA:211,0
DA:214,0
DA:215,0
DA:218,0
DA:219,0
DA:220,0
DA:223,0
DA:224,0
DA:225,0
DA:227,0
DA:229,0
DA:236,0
DA:238,0
DA:239,0
DA:240,0
DA:243,0
DA:245,0
DA:246,0
DA:249,0
DA:250,0
DA:253,0
DA:254,0
DA:255,0
DA:258,0
DA:259,0
DA:260,0
DA:262,0
DA:264,0
DA:271,0
DA:273,0
DA:274,0
DA:276,0
DA:277,0
DA:280,0
DA:281,0
DA:284,0
DA:285,0
DA:287,0
DA:290,0
DA:292,0
DA:293,0
DA:295,0
DA:297,0
DA:300,0
LF:134
LH:4
BRDA:9,0,0,2
BRDA:9,0,1,0
BRDA:9,1,0,2
BRDA:9,1,1,2
BRDA:45,2,0,0
BRDA:45,2,1,0
BRDA:45,3,0,0
BRDA:45,3,1,0
BRDA:68,4,0,0
BRDA:68,4,1,0
BRDA:68,5,0,0
BRDA:68,5,1,0
BRDA:85,6,0,0
BRDA:85,6,1,0
BRDA:99,7,0,0
BRDA:99,7,1,0
BRDA:99,8,0,0
BRDA:99,8,1,0
BRDA:106,9,0,0
BRDA:106,9,1,0
BRDA:110,10,0,0
BRDA:110,10,1,0
BRDA:138,11,0,0
BRDA:138,11,1,0
BRDA:142,12,0,0
BRDA:142,12,1,0
BRDA:146,13,0,0
BRDA:146,13,1,0
BRDA:169,14,0,0
BRDA:169,14,1,0
BRDA:169,15,0,0
BRDA:169,15,1,0
BRDA:175,16,0,0
BRDA:175,16,1,0
BRDA:179,17,0,0
BRDA:179,17,1,0
BRDA:179,18,0,0
BRDA:179,18,1,0
BRDA:204,19,0,0
BRDA:204,19,1,0
BRDA:204,20,0,0
BRDA:204,20,1,0
BRDA:210,21,0,0
BRDA:210,21,1,0
BRDA:214,22,0,0
BRDA:214,22,1,0
BRDA:239,23,0,0
BRDA:239,23,1,0
BRDA:239,24,0,0
BRDA:239,24,1,0
BRDA:245,25,0,0
BRDA:245,25,1,0
BRDA:249,26,0,0
BRDA:249,26,1,0
BRDA:276,27,0,0
BRDA:276,27,1,0
BRDA:280,28,0,0
BRDA:280,28,1,0
BRDA:280,29,0,0
BRDA:280,29,1,0
BRF:60
BRH:3
end_of_record
TN:
SF:src/controllers/userController.js
FN:3,getUserProfile
FN:18,updateUserAvatar
FN:37,(anonymous_2)
FN:60,(anonymous_3)
FNF:4
FNH:0
FNDA:0,getUserProfile
FNDA:0,updateUserAvatar
FNDA:0,(anonymous_2)
FNDA:0,(anonymous_3)
DA:4,0
DA:5,0
DA:6,0
DA:7,0
DA:9,0
DA:11,0
DA:12,0
DA:19,0
DA:20,0
DA:22,0
DA:23,0
DA:26,0
DA:27,0
DA:30,0
DA:32,0
DA:33,0
DA:37,5
DA:38,0
DA:40,0
DA:41,0
DA:42,0
DA:43,0
DA:46,0
DA:47,0
DA:49,0
DA:55,0
DA:56,0
DA:60,5
DA:61,0
DA:62,0
DA:63,0
DA:64,0
DA:67,0
DA:68,0
DA:70,0
DA:71,0
LF:36
LH:2
BRDA:6,0,0,0
BRDA:6,0,1,0
BRDA:22,1,0,0
BRDA:22,1,1,0
BRDA:42,2,0,0
BRDA:42,2,1,0
BRDA:63,3,0,0
BRDA:63,3,1,0
BRF:8
BRH:0
end_of_record
TN:
SF:src/middlewares/tokenAuthMiddleware.js
FN:8,(anonymous_0)
FNF:1
FNH:1
FNDA:12,(anonymous_0)
DA:8,5
DA:9,12
DA:11,12
DA:12,11
DA:14,12
DA:15,1
DA:18,11
DA:19,11
DA:20,11
DA:21,4
DA:24,7
DA:25,7
DA:27,0
LF:13
LH:12
BRDA:11,0,0,11
BRDA:11,0,1,1
BRDA:11,1,0,12
BRDA:11,1,1,11
BRDA:14,2,0,1
BRDA:14,2,1,11
BRDA:20,3,0,4
BRDA:20,3,1,7
BRF:8
BRH:8
end_of_record
TN:
SF:src/models/Channel.js
FNF:0
FNH:0
DA:4,5
DA:11,5
LF:2
LH:2
BRF:0
BRH:0
end_of_record
TN:
SF:src/models/Group.js
FNF:0
FNH:0
DA:4,5
DA:13,5
LF:2
LH:2
BRF:0
BRH:0
end_of_record
TN:
SF:src/models/Message.js
FNF:0
FNH:0
DA:4,5
DA:12,5
DA:25,5
LF:3
LH:3
BRF:0
BRH:0
end_of_record
TN:
SF:src/models/Report.js
FNF:0
FNH:0
DA:4,5
DA:9,5
LF:2
LH:2
BRF:0
BRH:0
end_of_record
TN:
SF:src/models/User.js
FN:32,(anonymous_0)
FNF:1
FNH:1
FNDA:18,(anonymous_0)
DA:5,5
DA:10,5
DA:13,5
DA:32,5
DA:33,18
DA:34,18
DA:36,18
DA:39,5
LF:8
LH:8
BRDA:33,0,0,18
BRDA:33,0,1,0
BRF:2
BRH:1
end_of_record
TN:
SF:src/routes/adminRoutes.js
FNF:0
FNH:0
DA:4,5
DA:7,5
DA:10,5
DA:13,5
DA:16,5
DA:19,5
DA:22,5
LF:7
LH:7
BRF:0
BRH:0
end_of_record
TN:
SF:src/routes/authRoutes.js
FNF:0
FNH:0
DA:4,5
DA:6,5
DA:7,5
DA:8,5
DA:9,5
LF:5
LH:5
BRF:0
BRH:0
end_of_record
TN:
SF:src/routes/channelRoutes.js
FNF:0
FNH:0
DA:6,5
DA:9,5
DA:12,5
DA:15,5
DA:18,5
DA:21,5
LF:6
LH:6
BRF:0
BRH:0
end_of_record
TN:
SF:src/routes/groupRoutes.js
FNF:0
FNH:0
DA:4,5
DA:7,5
DA:10,5
DA:13,5
DA:16,5
DA:19,5
DA:22,5
DA:25,5
DA:28,5
DA:31,5
DA:34,5
LF:11
LH:11
BRF:0
BRH:0
end_of_record
TN:
SF:src/routes/userRoutes.js
FNF:0
FNH:0
DA:4,5
DA:9,5
DA:12,5
DA:15,5
DA:19,5
LF:5
LH:5
BRF:0
BRH:0
end_of_record
TN:
SF:tests/setup.js
FN:9,(anonymous_0)
FN:18,(anonymous_1)
FN:24,(anonymous_2)
FNF:3
FNH:3
FNDA:5,(anonymous_0)
FNDA:5,(anonymous_1)
FNDA:19,(anonymous_2)
DA:1,5
DA:9,5
DA:10,5
DA:11,5
DA:12,5
DA:18,5
DA:19,5
DA:20,5
DA:21,5
DA:24,5
DA:25,19
DA:26,19
DA:27,95
DA:28,95
LF:14
LH:14
BRF:0
BRH:0
end_of_record
