TN:
SF:src/server.js
FN:52,(anonymous_0)
FNF:1
FNH:0
FNDA:0,(anonymous_0)
DA:16,5
DA:17,5
DA:18,5
DA:21,5
DA:29,5
DA:32,5
DA:33,5
DA:36,5
DA:37,5
DA:38,5
DA:39,5
DA:40,5
DA:43,5
DA:44,5
DA:45,5
DA:48,5
DA:51,5
DA:52,0
DA:53,0
LF:19
LH:17
BRDA:17,0,0,5
BRDA:17,0,1,5
BRDA:51,1,0,0
BRDA:51,1,1,5
BRF:4
BRH:3
end_of_record
TN:
SF:src/sockets.js
FN:5,initializeSockets
FN:6,(anonymous_1)
FN:10,(anonymous_2)
FN:36,(anonymous_3)
FN:65,(anonymous_4)
FNF:5
FNH:1
FNDA:5,initializeSockets
FNDA:0,(anonymous_1)
FNDA:0,(anonymous_2)
FNDA:0,(anonymous_3)
FNDA:0,(anonymous_4)
DA:6,5
DA:7,0
DA:10,0
DA:11,0
DA:12,0
DA:15,0
DA:16,0
DA:20,0
DA:21,0
DA:24,0
DA:28,0
DA:30,0
DA:31,0
DA:36,0
DA:37,0
DA:39,0
DA:40,0
DA:43,0
DA:50,0
DA:53,0
DA:54,0
DA:57,0
DA:59,0
DA:60,0
DA:65,0
DA:66,0
LF:26
LH:1
BRDA:15,0,0,0
BRDA:15,0,1,0
BRDA:40,1,0,0
BRDA:40,1,1,0
BRDA:46,2,0,0
BRDA:46,2,1,0
BRDA:47,3,0,0
BRDA:47,3,1,0
BRF:8
BRH:0
end_of_record
TN:
SF:src/config/db.js
FN:3,(anonymous_0)
FNF:1
FNH:1
FNDA:5,(anonymous_0)
DA:3,5
DA:4,5
DA:5,0
DA:6,0
DA:7,0
LF:5
LH:2
BRDA:4,0,0,0
BRDA:4,0,1,5
BRDA:5,1,0,0
BRDA:5,1,1,0
BRDA:6,2,0,0
BRDA:6,2,1,0
BRF:6
BRH:1
end_of_record
TN:
SF:src/controllers/adminController.js
FN:5,promoteToGroupAdmin
FN:24,promoteToSuperAdmin
FN:43,deleteAccount
FNF:3
FNH:2
FNDA:2,promoteToGroupAdmin
FNDA:2,promoteToSuperAdmin
FNDA:0,deleteAccount
DA:6,2
DA:7,2
DA:8,2
DA:10,1
DA:11,1
DA:13,1
DA:14,1
DA:16,1
DA:18,0
DA:25,2
DA:26,2
DA:27,2
DA:29,1
DA:30,1
DA:32,1
DA:33,1
DA:35,1
DA:37,0
DA:38,0
DA:44,0
DA:45,0
DA:46,0
DA:47,0
DA:49,0
DA:51,0
DA:54,0
LF:26
LH:16
BRDA:8,0,0,1
BRDA:8,0,1,1
BRDA:11,1,0,0
BRDA:11,1,1,1
BRDA:27,2,0,1
BRDA:27,2,1,1
BRDA:30,3,0,0
BRDA:30,3,1,1
BRDA:47,4,0,0
BRDA:47,4,1,0
BRDA:49,5,0,0
BRDA:49,5,1,0
BRF:12
BRH:6
end_of_record
TN:
SF:src/controllers/authController.js
FN:3,register
FN:20,login
FN:39,deleteAccount
FNF:3
FNH:2
FNDA:7,register
FNDA:3,login
FNDA:0,deleteAccount
DA:4,7
DA:5,7
DA:6,7
DA:7,7
DA:8,7
DA:9,7
DA:11,7
DA:12,7
DA:13,7
DA:15,0
DA:21,3
DA:22,3
DA:23,3
DA:24,3
DA:26,3
DA:27,0
DA:30,3
DA:31,3
DA:32,3
DA:34,0
DA:40,0
DA:41,0
DA:42,0
DA:43,0
DA:46,0
LF:25
LH:17
BRDA:7,0,0,5
BRDA:7,0,1,2
BRDA:24,1,0,0
BRDA:24,1,1,3
BRDA:26,2,0,0
BRDA:26,2,1,3
BRDA:42,3,0,0
BRDA:42,3,1,0
BRF:8
BRH:4
end_of_record
TN:
SF:src/controllers/channelController.js
FN:5,createChannel
FN:43,deleteChannel
FN:68,getChannelAndMessages
FNF:3
FNH:2
FNDA:1,createChannel
FNDA:1,deleteChannel
FNDA:0,getChannelAndMessages
DA:6,1
DA:8,1
DA:9,1
DA:10,0
DA:13,1
DA:15,1
DA:16,0
DA:20,1
DA:26,1
DA:29,1
DA:31,1
DA:34,1
DA:36,1
DA:38,0
DA:39,0
DA:44,1
DA:46,1
DA:47,1
DA:48,0
DA:51,1
DA:53,1
DA:54,0
DA:57,1
DA:59,1
DA:61,1
DA:63,0
DA:64,0
DA:69,0
DA:71,0
DA:72,0
DA:74,0
DA:75,0
DA:78,0
DA:79,0
DA:82,0
DA:84,0
DA:85,0
LF:37
LH:19
BRDA:9,0,0,0
BRDA:9,0,1,1
BRDA:9,1,0,1
BRDA:9,1,1,0
BRDA:15,2,0,0
BRDA:15,2,1,1
BRDA:15,3,0,1
BRDA:15,3,1,1
BRDA:47,4,0,0
BRDA:47,4,1,1
BRDA:47,5,0,1
BRDA:47,5,1,0
BRDA:53,6,0,0
BRDA:53,6,1,1
BRDA:53,7,0,1
BRDA:53,7,1,1
BRDA:74,8,0,0
BRDA:74,8,1,0
BRDA:78,9,0,0
BRDA:78,9,1,0
BRF:20
BRH:10
end_of_record
TN:
SF:src/controllers/groupController.js
FN:5,createGroup
FN:29,getMyGroups
FN:44,getAllGroups
FN:59,getGroupDetails
FN:76,deleteGroup
FN:103,requestAccess
FN:123,approveRequest
FNF:7
FNH:6
FNDA:2,createGroup
FNDA:1,getMyGroups
FNDA:1,getAllGroups
FNDA:0,getGroupDetails
FNDA:1,deleteGroup
FNDA:1,requestAccess
FNDA:1,approveRequest
DA:6,2
DA:8,2
DA:9,2
DA:10,1
DA:13,1
DA:20,1
DA:22,1
DA:24,0
DA:30,1
DA:31,1
DA:33,1
DA:34,0
DA:37,1
DA:39,0
DA:45,1
DA:46,1
DA:48,1
DA:49,0
DA:52,1
DA:54,0
DA:60,0
DA:62,0
DA:63,0
DA:65,0
DA:66,0
DA:69,0
DA:71,0
DA:77,1
DA:79,1
DA:80,0
DA:83,1
DA:84,1
DA:86,1
DA:87,0
DA:90,1
DA:91,0
DA:94,1
DA:96,1
DA:98,0
DA:104,1
DA:106,1
DA:107,1
DA:109,1
DA:110,0
DA:113,1
DA:114,1
DA:116,1
DA:118,0
DA:124,1
DA:126,1
DA:127,1
DA:128,0
DA:131,1
DA:133,1
DA:134,0
DA:137,1
DA:138,0
DA:141,1
DA:142,1
DA:143,1
DA:145,1
DA:147,0
LF:62
LH:40
BRDA:9,0,0,1
BRDA:9,0,1,1
BRDA:9,1,0,2
BRDA:9,1,1,1
BRDA:33,2,0,0
BRDA:33,2,1,1
BRDA:33,3,0,1
BRDA:33,3,1,1
BRDA:48,4,0,0
BRDA:48,4,1,1
BRDA:48,5,0,1
BRDA:48,5,1,1
BRDA:65,6,0,0
BRDA:65,6,1,0
BRDA:79,7,0,0
BRDA:79,7,1,1
BRDA:79,8,0,1
BRDA:79,8,1,0
BRDA:86,9,0,0
BRDA:86,9,1,1
BRDA:90,10,0,0
BRDA:90,10,1,1
BRDA:109,11,0,0
BRDA:109,11,1,1
BRDA:127,12,0,0
BRDA:127,12,1,1
BRDA:127,13,0,1
BRDA:127,13,1,0
BRDA:133,14,0,0
BRDA:133,14,1,1
BRDA:137,15,0,0
BRDA:137,15,1,1
BRF:32
BRH:19
end_of_record
TN:
SF:src/controllers/userController.js
FN:3,getUserProfile
FN:16,(anonymous_1)
FN:37,(anonymous_2)
FN:60,(anonymous_3)
FNF:4
FNH:1
FNDA:1,getUserProfile
FNDA:0,(anonymous_1)
FNDA:0,(anonymous_2)
FNDA:0,(anonymous_3)
DA:4,1
DA:5,1
DA:6,1
DA:7,0
DA:9,1
DA:11,0
DA:12,0
DA:16,5
DA:17,0
DA:18,0
DA:19,0
DA:20,0
DA:23,0
DA:24,0
DA:26,0
DA:32,0
DA:33,0
DA:37,5
DA:38,0
DA:40,0
DA:41,0
DA:42,0
DA:43,0
DA:46,0
DA:47,0
DA:49,0
DA:55,0
DA:56,0
DA:60,5
DA:61,0
DA:62,0
DA:63,0
DA:64,0
DA:67,0
DA:68,0
DA:70,0
DA:71,0
LF:37
LH:7
BRDA:6,0,0,0
BRDA:6,0,1,1
BRDA:19,1,0,0
BRDA:19,1,1,0
BRDA:42,2,0,0
BRDA:42,2,1,0
BRDA:63,3,0,0
BRDA:63,3,1,0
BRF:8
BRH:1
end_of_record
TN:
SF:src/middlewares/tokenAuthMiddleware.js
FN:8,(anonymous_0)
FNF:1
FNH:1
FNDA:14,(anonymous_0)
DA:8,5
DA:9,14
DA:11,14
DA:12,5
DA:14,14
DA:15,0
DA:18,14
DA:19,14
DA:20,14
DA:21,0
DA:24,14
DA:25,14
DA:27,0
LF:13
LH:10
BRDA:11,0,0,5
BRDA:11,0,1,9
BRDA:11,1,0,14
BRDA:11,1,1,14
BRDA:14,2,0,0
BRDA:14,2,1,14
BRDA:20,3,0,0
BRDA:20,3,1,14
BRF:8
BRH:6
end_of_record
TN:
SF:src/models/Channel.js
FNF:0
FNH:0
DA:4,5
DA:11,5
LF:2
LH:2
BRF:0
BRH:0
end_of_record
TN:
SF:src/models/Group.js
FNF:0
FNH:0
DA:4,5
DA:13,5
LF:2
LH:2
BRF:0
BRH:0
end_of_record
TN:
SF:src/models/Message.js
FNF:0
FNH:0
DA:4,5
DA:12,5
DA:25,5
LF:3
LH:3
BRF:0
BRH:0
end_of_record
TN:
SF:src/models/User.js
FN:31,(anonymous_0)
FNF:1
FNH:1
FNDA:23,(anonymous_0)
DA:5,6
DA:10,6
DA:13,6
DA:31,6
DA:32,23
DA:33,8
DA:35,23
DA:38,6
LF:8
LH:8
BRDA:32,0,0,8
BRDA:32,0,1,15
BRF:2
BRH:2
end_of_record
TN:
SF:src/routes/adminRoutes.js
FNF:0
FNH:0
DA:4,5
DA:7,5
DA:10,5
DA:13,5
LF:4
LH:4
BRF:0
BRH:0
end_of_record
TN:
SF:src/routes/authRoutes.js
FNF:0
FNH:0
DA:4,5
DA:6,5
DA:7,5
DA:8,5
LF:4
LH:4
BRF:0
BRH:0
end_of_record
TN:
SF:src/routes/channelRoutes.js
FNF:0
FNH:0
DA:4,5
DA:7,5
DA:10,5
LF:3
LH:3
BRF:0
BRH:0
end_of_record
TN:
SF:src/routes/groupRoutes.js
FNF:0
FNH:0
DA:4,5
DA:7,5
DA:10,5
DA:13,5
DA:16,5
DA:19,5
DA:22,5
DA:25,5
LF:8
LH:8
BRF:0
BRH:0
end_of_record
TN:
SF:src/routes/userRoutes.js
FNF:0
FNH:0
DA:5,5
DA:6,5
DA:9,5
DA:12,5
DA:15,5
DA:18,5
LF:6
LH:6
BRF:0
BRH:0
end_of_record
TN:
SF:tests/setup.js
FN:9,(anonymous_0)
FN:18,(anonymous_1)
FN:24,(anonymous_2)
FNF:3
FNH:3
FNDA:6,(anonymous_0)
FNDA:6,(anonymous_1)
FNDA:17,(anonymous_2)
DA:1,6
DA:9,6
DA:10,6
DA:11,6
DA:12,6
DA:18,6
DA:19,6
DA:20,6
DA:21,6
DA:24,6
DA:25,17
DA:26,17
DA:27,65
DA:28,65
LF:14
LH:14
BRF:0
BRH:0
end_of_record
